0001_0224_0082_0409_0409.jpg 1 224 82 409 409
0002_0206_0272_0218_0218.jpg 1 206 272 218 218
0003_0389_0095_0314_0314.jpg 1 389 95 314 314
0004_0281_0052_0379_0379.jpg 1 281 52 379 379
0005_0273_0233_0296_0296.jpg 1 273 233 296 296
0006_0624_0052_0270_0270.jpg 1 624 52 270 270
0007_0290_0179_0460_0460.jpg 1 290 179 460 460
0008_0805_0379_0111_0111.jpg 1 805 379 111 111
0009_0511_0126_0447_0447.jpg 1 511 126 447 447
0010_0617_0168_0420_0420.jpg 1 617 168 420 420
0011_0321_0221_0343_0343.jpg 1 321 221 343 343
0012_0258_0211_0348_0348.jpg 1 258 211 348 348
0013_0680_0335_0026_0026.jpg 1 680 335 26 26
0014_0501_0100_0106_0106.jpg 1 501 100 106 106
0015_0750_0110_0216_0216.jpg 1 750 110 216 216
0016_0576_0359_0102_0102.jpg 1 576 359 102 102
0017_0444_0039_0497_0497.jpg 1 444 39 497 497
0018_0239_0158_0393_0393.jpg 1 239 158 393 393
0019_0538_0397_0093_0093.jpg 1 538 397 93 93
0020_0617_0092_0491_0491.jpg 1 617 92 491 491
0021_0172_0220_0439_0439.jpg 1 172 220 439 439
0022_0646_0098_0119_0119.jpg 1 646 98 119 119
0023_0265_0149_0253_0253.jpg 1 265 149 253 253
0024_0317_0189_0479_0479.jpg 1 317 189 479 479
0025_0234_0211_0439_0439.jpg 1 234 211 439 439
0026_0250_0114_0447_0447.jpg 1 250 114 447 447
0027_0180_0093_0056_0056.jpg 1 180 93 56 56
0028_0323_0079_0453_0453.jpg 1 323 79 453 453
0029_0404_0236_0418_0418.jpg 1 404 236 418 418
0030_0354_0076_0305_0305.jpg 1 354 76 305 305
0031_0629_0097_0472_0472.jpg 1 629 97 472 472
0032_0373_0208_0375_0375.jpg 1 373 208 375 375
0033_0444_0032_0445_0445.jpg 1 444 32 445 445
0034_0714_0343_0288_0288.jpg 1 714 343 288 288
0035_0781_0364_0196_0196.jpg 1 781 364 196 196
0036_0381_0111_0450_0450.jpg 1 381 111 450 450
0037_0276_0118_0390_0390.jpg 1 276 118 390 390
0038_0496_0148_0439_0439.jpg 1 496 148 439 439
0039_0472_0186_0325_0325.jpg 1 472 186 325 325
0040_0164_0136_0078_0078.jpg 1 164 136 78 78
0041_0733_0128_0289_0289.jpg 1 733 128 289 289
0042_0175_0073_0353_0353.jpg 1 175 73 353 353
0043_0244_0084_0122_0122.jpg 1 244 84 122 122
0044_0448_0044_0369_0369.jpg 1 448 44 369 369
0045_0187_0246_0288_0288.jpg 1 187 246 288 288
0046_0177_0348_0238_0238.jpg 1 177 348 238 238
0047_0339_0140_0486_0486.jpg 1 339 140 486 486
0048_0806_0241_0092_0092.jpg 1 806 241 92 92
0049_0846_0537_0024_0024.jpg 1 846 537 24 24
0050_0634_0281_0331_0331.jpg 1 634 281 331 331
0051_0171_0362_0035_0035.jpg 1 171 362 35 35
0052_0749_0080_0176_0176.jpg 1 749 80 176 176
0053_0156_0164_0161_0161.jpg 1 156 164 161 161
0054_0309_0206_0279_0279.jpg 1 309 206 279 279
0055_0687_0111_0370_0370.jpg 1 687 111 370 370
0056_0437_0134_0190_0190.jpg 1 437 134 190 190
0057_0535_0144_0352_0352.jpg 1 535 144 352 352
0058_0390_0381_0076_0076.jpg 1 390 381 76 76
0059_0430_0441_0104_0104.jpg 1 430 441 104 104
0060_0702_0126_0250_0250.jpg 1 702 126 250 250
0061_0609_0112_0463_0463.jpg 1 609 112 463 463
0062_0124_0437_0045_0045.jpg 1 124 437 45 45
0063_0670_0167_0115_0115.jpg 1 670 167 115 115
0064_0395_0230_0256_0256.jpg 1 395 230 256 256
0065_0373_0322_0292_0292.jpg 1 373 322 292 292
0066_0690_0073_0403_0403.jpg 1 690 73 403 403
0067_0406_0075_0324_0324.jpg 1 406 75 324 324
0068_0251_0270_0057_0057.jpg 1 251 270 57 57
0069_0363_0443_0033_0033.jpg 1 363 443 33 33
0070_0845_0265_0090_0090.jpg 1 845 265 90 90
0071_0464_0308_0290_0290.jpg 1 464 308 290 290
0072_0596_0175_0475_0475.jpg 1 596 175 475 475
0073_0280_0244_0270_0270.jpg 1 280 244 270 270
0074_0370_0060_0411_0411.jpg 1 370 60 411 411
0075_0498_0098_0420_0420.jpg 1 498 98 420 420
0076_0244_0118_0492_0492.jpg 1 244 118 492 492
0077_0152_0169_0427_0427.jpg 1 152 169 427 427
0078_0804_0091_0212_0212.jpg 1 804 91 212 212
0079_0104_0182_0469_0469.jpg 1 104 182 469 469
0080_0878_0119_0146_0146.jpg 1 878 119 146 146
0081_0229_0443_0153_0153.jpg 1 229 443 153 153
0082_0248_0171_0459_0459.jpg 1 248 171 459 459
0083_0226_0177_0147_0147.jpg 1 226 177 147 147
0084_0613_0203_0457_0457.jpg 1 613 203 457 457
0085_0759_0074_0260_0260.jpg 1 759 74 260 260
0086_0125_0196_0326_0326.jpg 1 125 196 326 326
0087_0833_0353_0144_0144.jpg 1 833 353 144 144
0088_0303_0310_0078_0078.jpg 1 303 310 78 78
0089_0685_0237_0277_0277.jpg 1 685 237 277 277
0090_0352_0167_0414_0414.jpg 1 352 167 414 414
0091_0459_0246_0255_0255.jpg 1 459 246 255 255
0092_0425_0091_0253_0253.jpg 1 425 91 253 253
0093_0525_0160_0408_0408.jpg 1 525 160 408 408
0094_0577_0152_0330_0330.jpg 1 577 152 330 330
0095_0721_0116_0362_0362.jpg 1 721 116 362 362
0096_0229_0102_0349_0349.jpg 1 229 102 349 349
0097_0526_0153_0436_0436.jpg 1 526 153 436 436
0098_0247_0110_0491_0491.jpg 1 247 110 491 491
0099_0358_0366_0184_0184.jpg 1 358 366 184 184
0100_0348_0235_0238_0238.jpg 1 348 235 238 238
0101_0349_0283_0320_0320.jpg 1 349 283 320 320
0102_0493_0441_0082_0082.jpg 1 493 441 82 82
0103_0367_0082_0108_0108.jpg 1 367 82 108 108
0104_0239_0132_0313_0313.jpg 1 239 132 313 313
0105_0326_0115_0503_0503.jpg 1 326 115 503 503
0106_0452_0281_0337_0337.jpg 1 452 281 337 337
0107_0280_0212_0394_0394.jpg 1 280 212 394 394
0108_0230_0461_0066_0066.jpg 1 230 461 66 66
0109_0546_0092_0409_0409.jpg 1 546 92 409 409
0110_0559_0408_0152_0152.jpg 1 559 408 152 152
0111_0964_0323_0039_0039.jpg 1 964 323 39 39
0112_0350_0312_0301_0301.jpg 1 350 312 301 301
0113_0849_0123_0205_0205.jpg 1 849 123 205 205
0114_0183_0100_0413_0413.jpg 1 183 100 413 413
0115_0632_0387_0200_0200.jpg 1 632 387 200 200
0116_0484_0108_0398_0398.jpg 1 484 108 398 398
0117_0235_0294_0059_0059.jpg 1 235 294 59 59
0118_0545_0275_0199_0199.jpg 1 545 275 199 199
0119_0212_0188_0373_0373.jpg 1 212 188 373 373
0120_0179_0159_0384_0384.jpg 1 179 159 384 384
0121_0305_0162_0311_0311.jpg 1 305 162 311 311
0122_0148_0200_0412_0412.jpg 1 148 200 412 412
0123_0616_0168_0381_0381.jpg 1 616 168 381 381
0124_0449_0096_0144_0144.jpg 1 449 96 144 144
0125_0444_0045_0284_0284.jpg 1 444 45 284 284
0126_0584_0487_0074_0074.jpg 1 584 487 74 74
0127_0492_0334_0187_0187.jpg 1 492 334 187 187
0128_0273_0281_0261_0261.jpg 1 273 281 261 261
0129_0827_0426_0171_0171.jpg 1 827 426 171 171
0130_0717_0069_0198_0198.jpg 1 717 69 198 198
0131_0316_0095_0459_0459.jpg 1 316 95 459 459
0132_0570_0208_0223_0223.jpg 1 570 208 223 223
0133_0814_0426_0175_0175.jpg 1 814 426 175 175
0134_0685_0171_0263_0263.jpg 1 685 171 263 263
0135_0951_0424_0064_0064.jpg 1 951 424 64 64
0136_0858_0375_0113_0113.jpg 1 858 375 113 113
0137_0864_0174_0113_0113.jpg 1 864 174 113 113
0138_0563_0206_0132_0132.jpg 1 563 206 132 132
0139_0788_0265_0247_0247.jpg 1 788 265 247 247
0140_0144_0455_0066_0066.jpg 1 144 455 66 66
0141_0461_0142_0244_0244.jpg 1 461 142 244 244
0142_0718_0047_0367_0367.jpg 1 718 47 367 367
0143_0831_0235_0110_0110.jpg 1 831 235 110 110
0144_0573_0127_0174_0174.jpg 1 573 127 174 174
0145_0422_0269_0259_0259.jpg 1 422 269 259 259
0146_0392_0050_0485_0485.jpg 1 392 50 485 485
0147_0481_0164_0470_0470.jpg 1 481 164 470 470
0148_0466_0091_0287_0287.jpg 1 466 91 287 287
0149_0648_0355_0200_0200.jpg 1 648 355 200 200
0150_0309_0196_0146_0146.jpg 1 309 196 146 146
0151_0904_0409_0134_0134.jpg 1 904 409 134 134
0152_0139_0059_0345_0345.jpg 1 139 59 345 345
0153_0674_0122_0229_0229.jpg 1 674 122 229 229
0154_0523_0073_0445_0445.jpg 1 523 73 445 445
0155_0723_0219_0348_0348.jpg 1 723 219 348 348
0156_0321_0153_0392_0392.jpg 1 321 153 392 392
0157_0213_0089_0373_0373.jpg 1 213 89 373 373
0158_0348_0032_0459_0459.jpg 1 348 32 459 459
0159_0786_0399_0215_0215.jpg 1 786 399 215 215
0160_0430_0203_0194_0194.jpg 1 430 203 194 194
0161_0251_0226_0056_0056.jpg 1 251 226 56 56
0162_0242_0320_0055_0055.jpg 1 242 320 55 55
0163_0633_0140_0387_0387.jpg 1 633 140 387 387
0164_0171_0061_0338_0338.jpg 1 171 61 338 338
0165_0167_0314_0291_0291.jpg 1 167 314 291 291
0166_0776_0133_0136_0136.jpg 1 776 133 136 136
0167_0493_0480_0064_0064.jpg 1 493 480 64 64
0168_0287_0259_0075_0075.jpg 1 287 259 75 75
0169_0694_0327_0039_0039.jpg 1 694 327 39 39
0170_0209_0037_0359_0359.jpg 1 209 37 359 359
0171_0412_0080_0335_0335.jpg 1 412 80 335 335
0172_0673_0276_0133_0133.jpg 1 673 276 133 133
0173_0106_0059_0390_0390.jpg 1 106 59 390 390
0174_0621_0383_0099_0099.jpg 1 621 383 99 99
0175_0225_0135_0488_0488.jpg 1 225 135 488 488
0176_0264_0129_0125_0125.jpg 1 264 129 125 125
0177_0859_0212_0123_0123.jpg 1 859 212 123 123
0178_0840_0361_0170_0170.jpg 1 840 361 170 170
0179_0247_0224_0305_0305.jpg 1 247 224 305 305
0180_0126_0500_0060_0060.jpg 1 126 500 60 60
0181_0773_0180_0183_0183.jpg 1 773 180 183 183
0182_0206_0095_0503_0503.jpg 1 206 95 503 503
0183_0425_0256_0039_0039.jpg 1 425 256 39 39
0184_0260_0083_0210_0210.jpg 1 260 83 210 210
0185_0256_0213_0315_0315.jpg 1 256 213 315 315
0186_0197_0123_0198_0198.jpg 1 197 123 198 198
0187_0421_0266_0318_0318.jpg 1 421 266 318 318
0188_0199_0181_0396_0396.jpg 1 199 181 396 396
0189_0293_0320_0153_0153.jpg 1 293 320 153 153
0190_0297_0477_0094_0094.jpg 1 297 477 94 94
0191_0542_0240_0394_0394.jpg 1 542 240 394 394
0192_0477_0132_0157_0157.jpg 1 477 132 157 157
0193_0292_0051_0472_0472.jpg 1 292 51 472 472
0194_0426_0094_0503_0503.jpg 1 426 94 503 503
0195_0208_0216_0085_0085.jpg 1 208 216 85 85
0196_0593_0180_0454_0454.jpg 1 593 180 454 454
0197_0226_0135_0186_0186.jpg 1 226 135 186 186
0198_0677_0338_0266_0266.jpg 1 677 338 266 266
0199_0711_0234_0265_0265.jpg 1 711 234 265 265
0200_0152_0087_0386_0386.jpg 1 152 87 386 386
0201_0758_0115_0306_0306.jpg 1 758 115 306 306
0202_0318_0268_0255_0255.jpg 1 318 268 255 255
0203_0210_0130_0503_0503.jpg 1 210 130 503 503
0204_0328_0109_0338_0338.jpg 1 328 109 338 338
0205_0274_0273_0238_0238.jpg 1 274 273 238 238
0206_0311_0049_0463_0463.jpg 1 311 49 463 463
0207_0583_0097_0384_0384.jpg 1 583 97 384 384
0208_0143_0206_0436_0436.jpg 1 143 206 436 436
0209_0353_0156_0495_0495.jpg 1 353 156 495 495
0210_0402_0280_0070_0070.jpg 1 402 280 70 70
0211_0596_0085_0055_0055.jpg 1 596 85 55 55
0212_0481_0228_0394_0394.jpg 1 481 228 394 394
0213_0424_0168_0038_0038.jpg 1 424 168 38 38
0214_0622_0063_0469_0469.jpg 1 622 63 469 469
0215_0657_0330_0241_0241.jpg 1 657 330 241 241
0216_0386_0271_0243_0243.jpg 1 386 271 243 243
0217_0707_0360_0258_0258.jpg 1 707 360 258 258
0218_0622_0081_0370_0370.jpg 1 622 81 370 370
0219_0756_0380_0144_0144.jpg 1 756 380 144 144
0220_0368_0349_0205_0205.jpg 1 368 349 205 205
0221_0773_0152_0139_0139.jpg 1 773 152 139 139
0222_0786_0056_0278_0278.jpg 1 786 56 278 278
0223_0150_0215_0052_0052.jpg 1 150 215 52 52
0224_0627_0231_0347_0347.jpg 1 627 231 347 347
0225_0110_0251_0300_0300.jpg 1 110 251 300 300
0226_0455_0134_0332_0332.jpg 1 455 134 332 332
0227_0752_0326_0218_0218.jpg 1 752 326 218 218
0228_0232_0440_0132_0132.jpg 1 232 440 132 132
0229_0381_0059_0477_0477.jpg 1 381 59 477 477
0230_0608_0185_0476_0476.jpg 1 608 185 476 476
0231_0352_0166_0433_0433.jpg 1 352 166 433 433
0232_0303_0281_0336_0336.jpg 1 303 281 336 336
0233_0156_0207_0285_0285.jpg 1 156 207 285 285
0234_0508_0055_0368_0368.jpg 1 508 55 368 368
0235_0320_0048_0407_0407.jpg 1 320 48 407 407
0236_0801_0341_0051_0051.jpg 1 801 341 51 51
0237_0259_0088_0188_0188.jpg 1 259 88 188 188
0238_0587_0191_0455_0455.jpg 1 587 191 455 455
0239_0225_0143_0501_0501.jpg 1 225 143 501 501
0240_0810_0382_0171_0171.jpg 1 810 382 171 171
0241_0724_0357_0263_0263.jpg 1 724 357 263 263
0242_0265_0307_0241_0241.jpg 1 265 307 241 241
0243_0281_0049_0425_0425.jpg 1 281 49 425 425
0244_0598_0172_0466_0466.jpg 1 598 172 466 466
0245_0704_0126_0303_0303.jpg 1 704 126 303 303
0246_0602_0330_0200_0200.jpg 1 602 330 200 200
0247_0304_0104_0497_0497.jpg 1 304 104 497 497
0248_0420_0235_0169_0169.jpg 1 420 235 169 169
0249_0570_0194_0142_0142.jpg 1 570 194 142 142
0250_0218_0122_0281_0281.jpg 1 218 122 281 281
0251_0281_0160_0406_0406.jpg 1 281 160 406 406
0252_0695_0174_0342_0342.jpg 1 695 174 342 342
0253_0199_0094_0208_0208.jpg 1 199 94 208 208
0254_0206_0121_0320_0320.jpg 1 206 121 320 320
0255_0862_0070_0147_0147.jpg 1 862 70 147 147
0256_0586_0266_0125_0125.jpg 1 586 266 125 125
0257_0539_0268_0314_0314.jpg 1 539 268 314 314
0258_0133_0076_0231_0231.jpg 1 133 76 231 231
0259_0358_0335_0051_0051.jpg 1 358 335 51 51
0260_0936_0461_0097_0097.jpg 1 936 461 97 97
0261_0687_0254_0171_0171.jpg 1 687 254 171 171
0262_0159_0154_0183_0183.jpg 1 159 154 183 183
0263_0630_0094_0417_0417.jpg 1 630 94 417 417
0264_0339_0222_0351_0351.jpg 1 339 222 351 351
0265_0520_0239_0351_0351.jpg 1 520 239 351 351
0266_0122_0401_0205_0205.jpg 1 122 401 205 205
0267_0944_0096_0074_0074.jpg 1 944 96 74 74
0268_0436_0293_0316_0316.jpg 1 436 293 316 316
0269_0211_0137_0378_0378.jpg 1 211 137 378 378
0270_0405_0063_0383_0383.jpg 1 405 63 383 383
0271_0542_0162_0318_0318.jpg 1 542 162 318 318
0272_0558_0431_0035_0035.jpg 1 558 431 35 35
0273_0163_0115_0431_0431.jpg 1 163 115 431 431
0274_0241_0437_0025_0025.jpg 1 241 437 25 25
0275_0264_0224_0258_0258.jpg 1 264 224 258 258
0276_0420_0091_0178_0178.jpg 1 420 91 178 178
0277_0335_0060_0398_0398.jpg 1 335 60 398 398
0278_0353_0410_0153_0153.jpg 1 353 410 153 153
0279_0414_0082_0135_0135.jpg 1 414 82 135 135
0280_0736_0116_0298_0298.jpg 1 736 116 298 298
0281_0507_0170_0482_0482.jpg 1 507 170 482 482
0282_0730_0275_0274_0274.jpg 1 730 275 274 274
0283_0537_0132_0462_0462.jpg 1 537 132 462 462
0284_0251_0178_0087_0087.jpg 1 251 178 87 87
0285_0672_0215_0240_0240.jpg 1 672 215 240 240
0286_0510_0101_0494_0494.jpg 1 510 101 494 494
0287_0119_0062_0412_0412.jpg 1 119 62 412 412
0288_0758_0326_0161_0161.jpg 1 758 326 161 161
0289_0359_0343_0166_0166.jpg 1 359 343 166 166
0290_0380_0084_0426_0426.jpg 1 380 84 426 426
0291_0474_0087_0397_0397.jpg 1 474 87 397 397
0292_0659_0236_0418_0418.jpg 1 659 236 418 418
0293_0569_0310_0124_0124.jpg 1 569 310 124 124
0294_0249_0173_0433_0433.jpg 1 249 173 433 433
0295_0470_0051_0437_0437.jpg 1 470 51 437 437
0296_0355_0347_0026_0026.jpg 1 355 347 26 26
0297_0499_0106_0277_0277.jpg 1 499 106 277 277
0298_0554_0182_0490_0490.jpg 1 554 182 490 490
0299_0655_0158_0445_0445.jpg 1 655 158 445 445
0300_0386_0159_0420_0420.jpg 1 386 159 420 420
0301_0182_0056_0425_0425.jpg 1 182 56 425 425
0302_0427_0097_0497_0497.jpg 1 427 97 497 497
0303_0153_0164_0493_0493.jpg 1 153 164 493 493
0304_0718_0147_0334_0334.jpg 1 718 147 334 334
0305_0857_0265_0104_0104.jpg 1 857 265 104 104
0306_0484_0196_0451_0451.jpg 1 484 196 451 451
0307_0127_0037_0419_0419.jpg 1 127 37 419 419
0308_0348_0168_0429_0429.jpg 1 348 168 429 429
0309_0588_0166_0474_0474.jpg 1 588 166 474 474
0310_0438_0220_0191_0191.jpg 1 438 220 191 191
0311_0831_0258_0075_0075.jpg 1 831 258 75 75
0312_0916_0247_0041_0041.jpg 1 916 247 41 41
0313_0935_0491_0068_0068.jpg 1 935 491 68 68
0314_0716_0176_0233_0233.jpg 1 716 176 233 233
0315_0305_0171_0384_0384.jpg 1 305 171 384 384
0316_0289_0178_0421_0421.jpg 1 289 178 421 421
0317_0599_0052_0467_0467.jpg 1 599 52 467 467
0318_0285_0197_0464_0464.jpg 1 285 197 464 464
0319_0718_0377_0036_0036.jpg 1 718 377 36 36
0320_0177_0252_0402_0402.jpg 1 177 252 402 402
0321_0812_0495_0073_0073.jpg 1 812 495 73 73
0322_0250_0359_0091_0091.jpg 1 250 359 91 91
0323_0239_0173_0438_0438.jpg 1 239 173 438 438
0324_0524_0220_0421_0421.jpg 1 524 220 421 421
0325_0319_0097_0384_0384.jpg 1 319 97 384 384
0326_0234_0173_0260_0260.jpg 1 234 173 260 260
0327_0544_0156_0394_0394.jpg 1 544 156 394 394
0328_0612_0091_0373_0373.jpg 1 612 91 373 373
0329_0104_0079_0347_0347.jpg 1 104 79 347 347
0330_0582_0307_0245_0245.jpg 1 582 307 245 245
0331_0259_0145_0206_0206.jpg 1 259 145 206 206
0332_0153_0116_0193_0193.jpg 1 153 116 193 193
0333_0233_0380_0144_0144.jpg 1 233 380 144 144
0334_0240_0043_0477_0477.jpg 1 240 43 477 477
0335_0321_0533_0032_0032.jpg 1 321 533 32 32
0336_0396_0068_0497_0497.jpg 1 396 68 497 497
0337_0268_0084_0366_0366.jpg 1 268 84 366 366
0338_0573_0162_0226_0226.jpg 1 573 162 226 226
0339_0374_0211_0115_0115.jpg 1 374 211 115 115
0340_0501_0369_0144_0144.jpg 1 501 369 144 144
0341_0281_0343_0171_0171.jpg 1 281 343 171 171
0342_0751_0119_0295_0295.jpg 1 751 119 295 295
0343_0156_0190_0132_0132.jpg 1 156 190 132 132
0344_0625_0079_0472_0472.jpg 1 625 79 472 472
0345_0299_0132_0359_0359.jpg 1 299 132 359 359
0346_0918_0365_0114_0114.jpg 1 918 365 114 114
0347_0258_0073_0268_0268.jpg 1 258 73 268 268
0348_0290_0126_0478_0478.jpg 1 290 126 478 478
0349_0243_0252_0402_0402.jpg 1 243 252 402 402
0350_0384_0170_0449_0449.jpg 1 384 170 449 449
0351_0390_0276_0312_0312.jpg 1 390 276 312 312
0352_0253_0259_0353_0353.jpg 1 253 259 353 353
0353_0260_0237_0058_0058.jpg 1 260 237 58 58
0354_0427_0322_0065_0065.jpg 1 427 322 65 65
0355_0329_0122_0499_0499.jpg 1 329 122 499 499
0356_0516_0093_0170_0170.jpg 1 516 93 170 170
0357_0187_0076_0301_0301.jpg 1 187 76 301 301
0358_0382_0166_0473_0473.jpg 1 382 166 473 473
0359_0171_0072_0330_0330.jpg 1 171 72 330 330
0360_0549_0153_0129_0129.jpg 1 549 153 129 129
0361_0475_0111_0343_0343.jpg 1 475 111 343 343
0362_0562_0177_0315_0315.jpg 1 562 177 315 315
0363_0252_0262_0287_0287.jpg 1 252 262 287 287
0364_0397_0164_0469_0469.jpg 1 397 164 469 469
0365_0299_0189_0088_0088.jpg 1 299 189 88 88
0366_0746_0419_0117_0117.jpg 1 746 419 117 117
0367_0462_0210_0131_0131.jpg 1 462 210 131 131
0368_0314_0471_0070_0070.jpg 1 314 471 70 70
0369_0712_0236_0318_0318.jpg 1 712 236 318 318
0370_0597_0190_0222_0222.jpg 1 597 190 222 222
0371_0803_0328_0110_0110.jpg 1 803 328 110 110
0372_0376_0031_0436_0436.jpg 1 376 31 436 436
0373_0284_0344_0247_0247.jpg 1 284 344 247 247
0374_0516_0170_0335_0335.jpg 1 516 170 335 335
0375_0563_0205_0298_0298.jpg 1 563 205 298 298
0376_0599_0495_0039_0039.jpg 1 599 495 39 39
0377_0356_0085_0264_0264.jpg 1 356 85 264 264
0378_0333_0081_0202_0202.jpg 1 333 81 202 202
0379_0278_0394_0142_0142.jpg 1 278 394 142 142
0380_0566_0185_0037_0037.jpg 1 566 185 37 37
0381_0614_0107_0241_0241.jpg 1 614 107 241 241
0382_0461_0126_0230_0230.jpg 1 461 126 230 230
0383_0333_0115_0161_0161.jpg 1 333 115 161 161
0384_0582_0180_0449_0449.jpg 1 582 180 449 449
0385_0397_0183_0313_0313.jpg 1 397 183 313 313
0386_0530_0067_0366_0366.jpg 1 530 67 366 366
0387_0435_0203_0403_0403.jpg 1 435 203 403 403
0388_0472_0097_0345_0345.jpg 1 472 97 345 345
0389_0267_0124_0043_0043.jpg 1 267 124 43 43
0390_0406_0196_0361_0361.jpg 1 406 196 361 361
0391_0491_0333_0268_0268.jpg 1 491 333 268 268
0392_0442_0203_0320_0320.jpg 1 442 203 320 320
0393_0195_0165_0233_0233.jpg 1 195 165 233 233
0394_0158_0224_0369_0369.jpg 1 158 224 369 369
0395_0293_0225_0416_0416.jpg 1 293 225 416 416
0396_0501_0157_0254_0254.jpg 1 501 157 254 254
0397_0391_0162_0488_0488.jpg 1 391 162 488 488
0398_0371_0134_0345_0345.jpg 1 371 134 345 345
0399_0666_0224_0303_0303.jpg 1 666 224 303 303
0400_0415_0096_0501_0501.jpg 1 415 96 501 501
0401_0503_0056_0355_0355.jpg 1 503 56 355 355
0402_0093_0177_0372_0372.jpg 1 93 177 372 372
0403_0361_0394_0205_0205.jpg 1 361 394 205 205
0404_0584_0492_0065_0065.jpg 1 584 492 65 65
0405_0686_0256_0230_0230.jpg 1 686 256 230 230
0406_0453_0160_0374_0374.jpg 1 453 160 374 374
0407_0118_0133_0110_0110.jpg 1 118 133 110 110
0408_0748_0390_0027_0027.jpg 1 748 390 27 27
0409_0628_0023_0491_0491.jpg 1 628 23 491 491
0410_0485_0460_0124_0124.jpg 1 485 460 124 124
0411_0502_0220_0164_0164.jpg 1 502 220 164 164
0412_0643_0151_0118_0118.jpg 1 643 151 118 118
0413_0239_0402_0193_0193.jpg 1 239 402 193 193
0414_0322_0061_0473_0473.jpg 1 322 61 473 473
0415_0190_0031_0502_0502.jpg 1 190 31 502 502
0416_0468_0086_0134_0134.jpg 1 468 86 134 134
0417_0418_0137_0197_0197.jpg 1 418 137 197 197
0418_0778_0158_0198_0198.jpg 1 778 158 198 198
0419_0131_0192_0345_0345.jpg 1 131 192 345 345
0420_0354_0219_0292_0292.jpg 1 354 219 292 292
0421_0488_0186_0477_0477.jpg 1 488 186 477 477
0422_0164_0122_0451_0451.jpg 1 164 122 451 451
0423_0329_0317_0308_0308.jpg 1 329 317 308 308
0424_0670_0177_0051_0051.jpg 1 670 177 51 51
0425_0171_0084_0403_0403.jpg 1 171 84 403 403
0426_0522_0198_0222_0222.jpg 1 522 198 222 222
0427_0099_0139_0451_0451.jpg 1 99 139 451 451
0428_0341_0117_0373_0373.jpg 1 341 117 373 373
0429_0849_0324_0185_0185.jpg 1 849 324 185 185
0430_0406_0152_0114_0114.jpg 1 406 152 114 114
0431_0418_0152_0098_0098.jpg 1 418 152 98 98
0432_0506_0073_0303_0303.jpg 1 506 73 303 303
0433_0239_0453_0087_0087.jpg 1 239 453 87 87
0434_0224_0139_0252_0252.jpg 1 224 139 252 252
0435_0710_0127_0274_0274.jpg 1 710 127 274 274
0436_0169_0180_0124_0124.jpg 1 169 180 124 124
0437_0317_0247_0392_0392.jpg 1 317 247 392 392
0438_0196_0287_0263_0263.jpg 1 196 287 263 263
0439_0638_0059_0446_0446.jpg 1 638 59 446 446
0440_0165_0158_0054_0054.jpg 1 165 158 54 54
0441_0634_0057_0380_0380.jpg 1 634 57 380 380
0442_0679_0238_0346_0346.jpg 1 679 238 346 346
0443_0130_0090_0243_0243.jpg 1 130 90 243 243
0444_0494_0355_0147_0147.jpg 1 494 355 147 147
0445_0549_0065_0377_0377.jpg 1 549 65 377 377
0446_0680_0123_0186_0186.jpg 1 680 123 186 186
0447_0519_0077_0241_0241.jpg 1 519 77 241 241
0448_0351_0153_0486_0486.jpg 1 351 153 486 486
0449_0362_0297_0329_0329.jpg 1 362 297 329 329
0450_0461_0169_0399_0399.jpg 1 461 169 399 399
0451_0663_0118_0410_0410.jpg 1 663 118 410 410
0452_0434_0105_0437_0437.jpg 1 434 105 437 437
0453_0230_0203_0258_0258.jpg 1 230 203 258 258
0454_0142_0228_0132_0132.jpg 1 142 228 132 132
0455_0603_0398_0057_0057.jpg 1 603 398 57 57
0456_0720_0317_0086_0086.jpg 1 720 317 86 86
0457_0247_0212_0442_0442.jpg 1 247 212 442 442
0458_0498_0221_0380_0380.jpg 1 498 221 380 380
0459_0571_0186_0320_0320.jpg 1 571 186 320 320
0460_0591_0166_0388_0388.jpg 1 591 166 388 388
0461_0607_0077_0102_0102.jpg 1 607 77 102 102
0462_0569_0066_0267_0267.jpg 1 569 66 267 267
0463_0638_0315_0288_0288.jpg 1 638 315 288 288
0464_0290_0171_0472_0472.jpg 1 290 171 472 472
0465_0406_0166_0467_0467.jpg 1 406 166 467 467
0466_0263_0526_0026_0026.jpg 1 263 526 26 26
0467_0581_0156_0426_0426.jpg 1 581 156 426 426
0468_0406_0197_0050_0050.jpg 1 406 197 50 50
0469_0865_0178_0184_0184.jpg 1 865 178 184 184
0470_0598_0142_0473_0473.jpg 1 598 142 473 473
0471_0189_0337_0200_0200.jpg 1 189 337 200 200
0472_0509_0147_0032_0032.jpg 1 509 147 32 32
0473_0382_0292_0122_0122.jpg 1 382 292 122 122
0474_0346_0208_0123_0123.jpg 1 346 208 123 123
0475_0481_0154_0355_0355.jpg 1 481 154 355 355
0476_0913_0503_0059_0059.jpg 1 913 503 59 59
0477_0416_0137_0230_0230.jpg 1 416 137 230 230
0478_0606_0057_0372_0372.jpg 1 606 57 372 372
0479_0688_0317_0162_0162.jpg 1 688 317 162 162
0480_0466_0466_0105_0105.jpg 1 466 466 105 105
0481_0555_0132_0175_0175.jpg 1 555 132 175 175
0482_0636_0166_0094_0094.jpg 1 636 166 94 94
0483_0513_0061_0341_0341.jpg 1 513 61 341 341
0484_0632_0076_0435_0435.jpg 1 632 76 435 435
0485_0809_0062_0194_0194.jpg 1 809 62 194 194
0486_0564_0126_0397_0397.jpg 1 564 126 397 397
0487_0761_0154_0214_0214.jpg 1 761 154 214 214
0488_0570_0039_0480_0480.jpg 1 570 39 480 480
0489_0387_0123_0452_0452.jpg 1 387 123 452 452
0490_0863_0141_0142_0142.jpg 1 863 141 142 142
0491_0658_0201_0183_0183.jpg 1 658 201 183 183
0492_0541_0044_0356_0356.jpg 1 541 44 356 356
0493_0573_0119_0207_0207.jpg 1 573 119 207 207
0494_0563_0179_0441_0441.jpg 1 563 179 441 441
0495_0637_0138_0302_0302.jpg 1 637 138 302 302
0496_0315_0291_0237_0237.jpg 1 315 291 237 237
0497_0581_0107_0503_0503.jpg 1 581 107 503 503
0498_0144_0192_0387_0387.jpg 1 144 192 387 387
0499_0715_0134_0046_0046.jpg 1 715 134 46 46
0500_0282_0144_0394_0394.jpg 1 282 144 394 394
0501_0892_0075_0095_0095.jpg 1 892 75 95 95
0502_0536_0094_0455_0455.jpg 1 536 94 455 455
0503_0118_0244_0141_0141.jpg 1 118 244 141 141
0504_0908_0239_0041_0041.jpg 1 908 239 41 41
0505_0134_0050_0494_0494.jpg 1 134 50 494 494
0506_0935_0089_0028_0028.jpg 1 935 89 28 28
0507_0773_0325_0181_0181.jpg 1 773 325 181 181
0508_0199_0221_0357_0357.jpg 1 199 221 357 357
0509_0135_0079_0312_0312.jpg 1 135 79 312 312
0510_0548_0169_0386_0386.jpg 1 548 169 386 386
0511_0411_0174_0171_0171.jpg 1 411 174 171 171
0512_0794_0177_0129_0129.jpg 1 794 177 129 129
0513_0518_0165_0185_0185.jpg 1 518 165 185 185
0514_0252_0320_0126_0126.jpg 1 252 320 126 126
0515_0448_0096_0155_0155.jpg 1 448 96 155 155
0516_0312_0347_0239_0239.jpg 1 312 347 239 239
0517_0477_0121_0414_0414.jpg 1 477 121 414 414
0518_0857_0387_0106_0106.jpg 1 857 387 106 106
0519_0582_0271_0298_0298.jpg 1 582 271 298 298
0520_0693_0177_0105_0105.jpg 1 693 177 105 105
0521_0696_0211_0312_0312.jpg 1 696 211 312 312
0522_0119_0234_0400_0400.jpg 1 119 234 400 400
0523_0691_0135_0387_0387.jpg 1 691 135 387 387
0524_0548_0125_0481_0481.jpg 1 548 125 481 481
0525_0307_0176_0457_0457.jpg 1 307 176 457 457
0526_0900_0199_0039_0039.jpg 1 900 199 39 39
0527_0715_0486_0094_0094.jpg 1 715 486 94 94
0528_0903_0376_0071_0071.jpg 1 903 376 71 71
0529_0393_0197_0108_0108.jpg 1 393 197 108 108
0530_0548_0283_0192_0192.jpg 1 548 283 192 192
0531_0533_0039_0456_0456.jpg 1 533 39 456 456
0532_0260_0382_0069_0069.jpg 1 260 382 69 69
0533_0616_0313_0081_0081.jpg 1 616 313 81 81
0534_0632_0109_0304_0304.jpg 1 632 109 304 304
0535_0221_0254_0202_0202.jpg 1 221 254 202 202
0536_0351_0204_0397_0397.jpg 1 351 204 397 397
0537_0613_0334_0227_0227.jpg 1 613 334 227 227
0538_0581_0165_0429_0429.jpg 1 581 165 429 429
0539_0203_0344_0027_0027.jpg 1 203 344 27 27
0540_0836_0331_0193_0193.jpg 1 836 331 193 193
0541_0475_0194_0467_0467.jpg 1 475 194 467 467
0542_0450_0091_0107_0107.jpg 1 450 91 107 107
0543_0929_0199_0100_0100.jpg 1 929 199 100 100
0544_0419_0171_0407_0407.jpg 1 419 171 407 407
0545_0428_0285_0362_0362.jpg 1 428 285 362 362
0546_0227_0303_0259_0259.jpg 1 227 303 259 259
0547_0250_0241_0177_0177.jpg 1 250 241 177 177
0548_0652_0121_0447_0447.jpg 1 652 121 447 447
0549_0142_0260_0364_0364.jpg 1 142 260 364 364
0550_0866_0330_0057_0057.jpg 1 866 330 57 57
0551_0778_0239_0298_0298.jpg 1 778 239 298 298
0552_0327_0228_0069_0069.jpg 1 327 228 69 69
0553_0785_0054_0230_0230.jpg 1 785 54 230 230
0554_0457_0329_0187_0187.jpg 1 457 329 187 187
0555_0132_0312_0063_0063.jpg 1 132 312 63 63
0556_0338_0080_0432_0432.jpg 1 338 80 432 432
0557_0503_0169_0410_0410.jpg 1 503 169 410 410
0558_0426_0150_0469_0469.jpg 1 426 150 469 469
0559_0113_0074_0373_0373.jpg 1 113 74 373 373
0560_0377_0175_0354_0354.jpg 1 377 175 354 354
0561_0805_0165_0162_0162.jpg 1 805 165 162 162
0562_0731_0145_0195_0195.jpg 1 731 145 195 195
0563_0171_0275_0329_0329.jpg 1 171 275 329 329
0564_0330_0077_0294_0294.jpg 1 330 77 294 294
0565_0397_0068_0387_0387.jpg 1 397 68 387 387
0566_0754_0456_0070_0070.jpg 1 754 456 70 70
0567_0134_0348_0203_0203.jpg 1 134 348 203 203
0568_0177_0078_0029_0029.jpg 1 177 78 29 29
0569_0796_0324_0240_0240.jpg 1 796 324 240 240
0570_0196_0372_0026_0026.jpg 1 196 372 26 26
0571_0440_0333_0105_0105.jpg 1 440 333 105 105
0572_0330_0285_0197_0197.jpg 1 330 285 197 197
0573_0237_0285_0087_0087.jpg 1 237 285 87 87
0574_0621_0152_0413_0413.jpg 1 621 152 413 413
0575_0898_0097_0149_0149.jpg 1 898 97 149 149
0576_0717_0358_0046_0046.jpg 1 717 358 46 46
0577_0794_0150_0279_0279.jpg 1 794 150 279 279
0578_0674_0124_0393_0393.jpg 1 674 124 393 393
0579_0585_0202_0389_0389.jpg 1 585 202 389 389
0580_0474_0213_0085_0085.jpg 1 474 213 85 85
0581_0132_0367_0132_0132.jpg 1 132 367 132 132
0582_0262_0116_0437_0437.jpg 1 262 116 437 437
0583_0969_0428_0024_0024.jpg 1 969 428 24 24
0584_0276_0377_0062_0062.jpg 1 276 377 62 62
0585_0795_0395_0201_0201.jpg 1 795 395 201 201
0586_0971_0420_0060_0060.jpg 1 971 420 60 60
0587_0210_0160_0354_0354.jpg 1 210 160 354 354
0588_0372_0110_0203_0203.jpg 1 372 110 203 203
0589_0425_0368_0083_0083.jpg 1 425 368 83 83
0590_0435_0097_0217_0217.jpg 1 435 97 217 217
0591_0258_0486_0111_0111.jpg 1 258 486 111 111
0592_0882_0427_0125_0125.jpg 1 882 427 125 125
0593_0749_0352_0204_0204.jpg 1 749 352 204 204
0594_0305_0320_0032_0032.jpg 1 305 320 32 32
0595_0155_0289_0254_0254.jpg 1 155 289 254 254
0596_0869_0243_0165_0165.jpg 1 869 243 165 165
0597_0913_0097_0063_0063.jpg 1 913 97 63 63
0598_0155_0205_0463_0463.jpg 1 155 205 463 463
0599_0559_0145_0461_0461.jpg 1 559 145 461 461
0600_0970_0133_0042_0042.jpg 1 970 133 42 42
0601_0861_0075_0190_0190.jpg 1 861 75 190 190
0602_0818_0389_0182_0182.jpg 1 818 389 182 182
0603_0444_0180_0383_0383.jpg 1 444 180 383 383
0604_0555_0274_0291_0291.jpg 1 555 274 291 291
0605_0372_0104_0405_0405.jpg 1 372 104 405 405
0606_0439_0317_0044_0044.jpg 1 439 317 44 44
0607_0568_0113_0379_0379.jpg 1 568 113 379 379
0608_0168_0477_0097_0097.jpg 1 168 477 97 97
0609_0765_0172_0265_0265.jpg 1 765 172 265 265
0610_0085_0214_0450_0450.jpg 1 85 214 450 450
0611_0306_0099_0099_0099.jpg 1 306 99 99 99
0612_0729_0256_0363_0363.jpg 1 729 256 363 363
0613_0526_0073_0186_0186.jpg 1 526 73 186 186
0614_0681_0178_0332_0332.jpg 1 681 178 332 332
0615_0637_0083_0289_0289.jpg 1 637 83 289 289
0616_0371_0103_0442_0442.jpg 1 371 103 442 442
0617_0528_0165_0502_0502.jpg 1 528 165 502 502
0618_0177_0111_0338_0338.jpg 1 177 111 338 338
0619_0186_0065_0417_0417.jpg 1 186 65 417 417
0620_0393_0270_0084_0084.jpg 1 393 270 84 84
0621_0454_0127_0413_0413.jpg 1 454 127 413 413
0622_0490_0286_0272_0272.jpg 1 490 286 272 272
0623_0985_0129_0046_0046.jpg 1 985 129 46 46
0624_0790_0398_0145_0145.jpg 1 790 398 145 145
0625_0359_0085_0431_0431.jpg 1 359 85 431 431
0626_0416_0073_0341_0341.jpg 1 416 73 341 341
0627_0321_0351_0280_0280.jpg 1 321 351 280 280
0628_0229_0042_0441_0441.jpg 1 229 42 441 441
0629_0146_0371_0226_0226.jpg 1 146 371 226 226
0630_0381_0301_0164_0164.jpg 1 381 301 164 164
0631_0192_0035_0405_0405.jpg 1 192 35 405 405
0632_0254_0290_0033_0033.jpg 1 254 290 33 33
0633_0556_0152_0361_0361.jpg 1 556 152 361 361
0634_0758_0258_0127_0127.jpg 1 758 258 127 127
0635_0864_0210_0054_0054.jpg 1 864 210 54 54
0636_0573_0176_0297_0297.jpg 1 573 176 297 297
0637_0767_0266_0166_0166.jpg 1 767 266 166 166
0638_0545_0275_0195_0195.jpg 1 545 275 195 195
0639_0256_0287_0219_0219.jpg 1 256 287 219 219
0640_0236_0177_0472_0472.jpg 1 236 177 472 472
0641_0179_0032_0475_0475.jpg 1 179 32 475 475
0642_0163_0072_0275_0275.jpg 1 163 72 275 275
0643_0323_0105_0471_0471.jpg 1 323 105 471 471
0644_0657_0096_0361_0361.jpg 1 657 96 361 361
0645_0520_0035_0463_0463.jpg 1 520 35 463 463
0646_0531_0059_0458_0458.jpg 1 531 59 458 458
0647_0212_0169_0402_0402.jpg 1 212 169 402 402
0648_0362_0204_0359_0359.jpg 1 362 204 359 359
0649_0266_0344_0279_0279.jpg 1 266 344 279 279
0650_0321_0248_0182_0182.jpg 1 321 248 182 182
0651_0774_0293_0302_0302.jpg 1 774 293 302 302
0652_0700_0238_0196_0196.jpg 1 700 238 196 196
0653_0377_0127_0359_0359.jpg 1 377 127 359 359
0654_0794_0269_0197_0197.jpg 1 794 269 197 197
0655_0335_0032_0434_0434.jpg 1 335 32 434 434
0656_0418_0335_0145_0145.jpg 1 418 335 145 145
0657_0531_0041_0325_0325.jpg 1 531 41 325 325
0658_0961_0362_0073_0073.jpg 1 961 362 73 73
0659_0731_0109_0359_0359.jpg 1 731 109 359 359
0660_0148_0131_0221_0221.jpg 1 148 131 221 221
0661_0685_0154_0165_0165.jpg 1 685 154 165 165
0662_0304_0421_0083_0083.jpg 1 304 421 83 83
0663_0326_0301_0088_0088.jpg 1 326 301 88 88
0664_0511_0175_0083_0083.jpg 1 511 175 83 83
0665_0528_0047_0331_0331.jpg 1 528 47 331 331
0666_0320_0279_0167_0167.jpg 1 320 279 167 167
0667_0363_0262_0044_0044.jpg 1 363 262 44 44
0668_0669_0378_0229_0229.jpg 1 669 378 229 229
0669_0940_0286_0081_0081.jpg 1 940 286 81 81
0670_0412_0248_0221_0221.jpg 1 412 248 221 221
0671_0652_0308_0142_0142.jpg 1 652 308 142 142
0672_0089_0124_0491_0491.jpg 1 89 124 491 491
0673_0828_0156_0172_0172.jpg 1 828 156 172 172
0674_0578_0174_0132_0132.jpg 1 578 174 132 132
0675_0415_0376_0219_0219.jpg 1 415 376 219 219
0676_0369_0044_0483_0483.jpg 1 369 44 483 483
0677_0230_0074_0030_0030.jpg 1 230 74 30 30
0678_0442_0397_0146_0146.jpg 1 442 397 146 146
0679_0650_0395_0092_0092.jpg 1 650 395 92 92
0680_0490_0226_0301_0301.jpg 1 490 226 301 301
0681_0283_0374_0194_0194.jpg 1 283 374 194 194
0682_0370_0185_0438_0438.jpg 1 370 185 438 438
0683_0394_0151_0406_0406.jpg 1 394 151 406 406
0684_0320_0406_0094_0094.jpg 1 320 406 94 94
0685_0540_0259_0362_0362.jpg 1 540 259 362 362
0686_0133_0317_0307_0307.jpg 1 133 317 307 307
0687_0252_0346_0204_0204.jpg 1 252 346 204 204
0688_0876_0334_0183_0183.jpg 1 876 334 183 183
0689_0410_0268_0350_0350.jpg 1 410 268 350 350
0690_0681_0354_0216_0216.jpg 1 681 354 216 216
0691_0624_0289_0319_0319.jpg 1 624 289 319 319
0692_0712_0063_0187_0187.jpg 1 712 63 187 187
0693_0393_0307_0190_0190.jpg 1 393 307 190 190
0694_0272_0068_0402_0402.jpg 1 272 68 402 402
0695_0373_0108_0140_0140.jpg 1 373 108 140 140
0696_0685_0106_0397_0397.jpg 1 685 106 397 397
0697_0367_0109_0238_0238.jpg 1 367 109 238 238
0698_0654_0058_0406_0406.jpg 1 654 58 406 406
0699_0413_0158_0457_0457.jpg 1 413 158 457 457
0700_0661_0345_0189_0189.jpg 1 661 345 189 189
0701_0143_0145_0449_0449.jpg 1 143 145 449 449
0702_0157_0437_0031_0031.jpg 1 157 437 31 31
0703_0275_0042_0358_0358.jpg 1 275 42 358 358
0704_0682_0148_0042_0042.jpg 1 682 148 42 42
0705_0482_0149_0299_0299.jpg 1 482 149 299 299
0706_0540_0231_0025_0025.jpg 1 540 231 25 25
0707_0549_0338_0033_0033.jpg 1 549 338 33 33
0708_0525_0049_0466_0466.jpg 1 525 49 466 466
0709_0190_0225_0194_0194.jpg 1 190 225 194 194
0710_0339_0316_0244_0244.jpg 1 339 316 244 244
0711_0270_0176_0495_0495.jpg 1 270 176 495 495
0712_0151_0277_0342_0342.jpg 1 151 277 342 342
0713_0644_0202_0375_0375.jpg 1 644 202 375 375
0714_0577_0056_0277_0277.jpg 1 577 56 277 277
0715_0656_0097_0277_0277.jpg 1 656 97 277 277
0716_0967_0328_0027_0027.jpg 1 967 328 27 27
0717_0644_0130_0421_0421.jpg 1 644 130 421 421
0718_0282_0456_0045_0045.jpg 1 282 456 45 45
0719_0726_0334_0218_0218.jpg 1 726 334 218 218
0720_0428_0132_0422_0422.jpg 1 428 132 422 422
0721_0505_0364_0165_0165.jpg 1 505 364 165 165
0722_0100_0155_0386_0386.jpg 1 100 155 386 386
0723_0561_0286_0044_0044.jpg 1 561 286 44 44
0724_0555_0308_0192_0192.jpg 1 555 308 192 192
0725_0180_0069_0465_0465.jpg 1 180 69 465 465
0726_0218_0209_0296_0296.jpg 1 218 209 296 296
0727_0715_0056_0284_0284.jpg 1 715 56 284 284
0728_0338_0108_0478_0478.jpg 1 338 108 478 478
0729_0408_0165_0198_0198.jpg 1 408 165 198 198
0730_0659_0135_0261_0261.jpg 1 659 135 261 261
0731_0351_0154_0437_0437.jpg 1 351 154 437 437
0732_0742_0311_0287_0287.jpg 1 742 311 287 287
0733_0603_0199_0445_0445.jpg 1 603 199 445 445
0734_0393_0277_0257_0257.jpg 1 393 277 257 257
0735_0464_0431_0050_0050.jpg 1 464 431 50 50
0736_0197_0088_0498_0498.jpg 1 197 88 498 498
0737_0158_0187_0410_0410.jpg 1 158 187 410 410
0738_0158_0245_0114_0114.jpg 1 158 245 114 114
0739_0889_0233_0065_0065.jpg 1 889 233 65 65
0740_0320_0299_0300_0300.jpg 1 320 299 300 300
0741_0618_0486_0086_0086.jpg 1 618 486 86 86
0742_0575_0518_0043_0043.jpg 1 575 518 43 43
0743_0340_0319_0236_0236.jpg 1 340 319 236 236
0744_0186_0132_0473_0473.jpg 1 186 132 473 473
0745_0573_0084_0136_0136.jpg 1 573 84 136 136
0746_0393_0296_0124_0124.jpg 1 393 296 124 124
0747_0557_0116_0480_0480.jpg 1 557 116 480 480
0748_0615_0311_0121_0121.jpg 1 615 311 121 121
0749_0321_0214_0412_0412.jpg 1 321 214 412 412
0750_0489_0174_0497_0497.jpg 1 489 174 497 497
0751_0609_0039_0380_0380.jpg 1 609 39 380 380
0752_0763_0504_0028_0028.jpg 1 763 504 28 28
0753_0745_0074_0143_0143.jpg 1 745 74 143 143
0754_0129_0196_0242_0242.jpg 1 129 196 242 242
0755_0473_0118_0462_0462.jpg 1 473 118 462 462
0756_0349_0281_0061_0061.jpg 1 349 281 61 61
0757_0664_0189_0377_0377.jpg 1 664 189 377 377
0758_0257_0174_0423_0423.jpg 1 257 174 423 423
0759_0561_0319_0301_0301.jpg 1 561 319 301 301
0760_0684_0400_0081_0081.jpg 1 684 400 81 81
0761_0395_0128_0089_0089.jpg 1 395 128 89 89
0762_0491_0025_0501_0501.jpg 1 491 25 501 501
0763_0362_0066_0309_0309.jpg 1 362 66 309 309
0764_0732_0280_0247_0247.jpg 1 732 280 247 247
0765_0616_0068_0251_0251.jpg 1 616 68 251 251
0766_0822_0236_0214_0214.jpg 1 822 236 214 214
0767_0499_0377_0092_0092.jpg 1 499 377 92 92
0768_0354_0066_0291_0291.jpg 1 354 66 291 291
0769_0565_0343_0170_0170.jpg 1 565 343 170 170
0770_0627_0291_0156_0156.jpg 1 627 291 156 156
0771_0835_0338_0068_0068.jpg 1 835 338 68 68
0772_0266_0341_0054_0054.jpg 1 266 341 54 54
0773_0633_0048_0487_0487.jpg 1 633 48 487 487
0774_0358_0051_0489_0489.jpg 1 358 51 489 489
0775_0597_0341_0183_0183.jpg 1 597 341 183 183
0776_0320_0466_0061_0061.jpg 1 320 466 61 61
0777_0680_0142_0285_0285.jpg 1 680 142 285 285
0778_0333_0120_0435_0435.jpg 1 333 120 435 435
0779_0094_0224_0386_0386.jpg 1 94 224 386 386
0780_0660_0104_0438_0438.jpg 1 660 104 438 438
0781_0691_0135_0364_0364.jpg 1 691 135 364 364
0782_0395_0351_0080_0080.jpg 1 395 351 80 80
0783_0635_0218_0130_0130.jpg 1 635 218 130 130
0784_0172_0163_0459_0459.jpg 1 172 163 459 459
0785_0918_0463_0072_0072.jpg 1 918 463 72 72
0786_0759_0498_0077_0077.jpg 1 759 498 77 77
0787_0641_0145_0434_0434.jpg 1 641 145 434 434
0788_0461_0200_0299_0299.jpg 1 461 200 299 299
0789_0835_0146_0116_0116.jpg 1 835 146 116 116
0790_0395_0080_0063_0063.jpg 1 395 80 63 63
0791_0267_0191_0288_0288.jpg 1 267 191 288 288
0792_0431_0141_0383_0383.jpg 1 431 141 383 383
0793_0645_0326_0227_0227.jpg 1 645 326 227 227
0794_0432_0456_0057_0057.jpg 1 432 456 57 57
0795_0240_0236_0382_0382.jpg 1 240 236 382 382
0796_0144_0065_0309_0309.jpg 1 144 65 309 309
0797_0378_0387_0094_0094.jpg 1 378 387 94 94
0798_0332_0194_0187_0187.jpg 1 332 194 187 187
0799_0105_0052_0342_0342.jpg 1 105 52 342 342
0800_0804_0354_0031_0031.jpg 1 804 354 31 31
0801_0308_0128_0463_0463.jpg 1 308 128 463 463
0802_0311_0089_0469_0469.jpg 1 311 89 469 469
0803_0571_0053_0462_0462.jpg 1 571 53 462 462
0804_0682_0141_0075_0075.jpg 1 682 141 75 75
0805_0192_0086_0448_0448.jpg 1 192 86 448 448
0806_0785_0243_0190_0190.jpg 1 785 243 190 190
0807_0478_0202_0032_0032.jpg 1 478 202 32 32
0808_0249_0291_0085_0085.jpg 1 249 291 85 85
0809_0300_0446_0050_0050.jpg 1 300 446 50 50
0810_0317_0094_0264_0264.jpg 1 317 94 264 264
0811_0289_0153_0297_0297.jpg 1 289 153 297 297
0812_0670_0153_0408_0408.jpg 1 670 153 408 408
0813_0407_0409_0177_0177.jpg 1 407 409 177 177
0814_0810_0195_0211_0211.jpg 1 810 195 211 211
0815_0360_0068_0361_0361.jpg 1 360 68 361 361
0816_0091_0057_0456_0456.jpg 1 91 57 456 456
0817_0361_0397_0195_0195.jpg 1 361 397 195 195
0818_0824_0237_0173_0173.jpg 1 824 237 173 173
0819_0370_0205_0221_0221.jpg 1 370 205 221 221
0820_0321_0304_0181_0181.jpg 1 321 304 181 181
0821_0202_0293_0161_0161.jpg 1 202 293 161 161
0822_0116_0160_0310_0310.jpg 1 116 160 310 310
0823_0594_0203_0448_0448.jpg 1 594 203 448 448
0824_0153_0099_0338_0338.jpg 1 153 99 338 338
0825_0718_0118_0334_0334.jpg 1 718 118 334 334
0826_0446_0422_0181_0181.jpg 1 446 422 181 181
0827_0298_0335_0261_0261.jpg 1 298 335 261 261
0828_0351_0150_0482_0482.jpg 1 351 150 482 482
0829_0102_0031_0423_0423.jpg 1 102 31 423 423
0830_0126_0368_0187_0187.jpg 1 126 368 187 187
0831_0396_0134_0255_0255.jpg 1 396 134 255 255
0832_0635_0143_0294_0294.jpg 1 635 143 294 294
0833_0441_0118_0047_0047.jpg 1 441 118 47 47
0834_0575_0447_0160_0160.jpg 1 575 447 160 160
0835_0515_0424_0112_0112.jpg 1 515 424 112 112
0836_0418_0093_0292_0292.jpg 1 418 93 292 292
0837_0151_0416_0194_0194.jpg 1 151 416 194 194
0838_0240_0172_0049_0049.jpg 1 240 172 49 49
0839_0536_0238_0362_0362.jpg 1 536 238 362 362
0840_0139_0356_0027_0027.jpg 1 139 356 27 27
0841_0680_0107_0191_0191.jpg 1 680 107 191 191
0842_0468_0175_0454_0454.jpg 1 468 175 454 454
0843_0373_0133_0137_0137.jpg 1 373 133 137 137
0844_0672_0089_0119_0119.jpg 1 672 89 119 119
0845_0470_0176_0340_0340.jpg 1 470 176 340 340
0846_0731_0060_0122_0122.jpg 1 731 60 122 122
0847_0468_0141_0335_0335.jpg 1 468 141 335 335
0848_0505_0386_0031_0031.jpg 1 505 386 31 31
0849_0165_0203_0150_0150.jpg 1 165 203 150 150
0850_0847_0505_0048_0048.jpg 1 847 505 48 48
0851_0678_0197_0381_0381.jpg 1 678 197 381 381
0852_0148_0307_0170_0170.jpg 1 148 307 170 170
0853_0396_0459_0115_0115.jpg 1 396 459 115 115
0854_0127_0061_0195_0195.jpg 1 127 61 195 195
0855_0647_0289_0291_0291.jpg 1 647 289 291 291
0856_0286_0257_0183_0183.jpg 1 286 257 183 183
0857_0271_0121_0356_0356.jpg 1 271 121 356 356
0858_0223_0389_0102_0102.jpg 1 223 389 102 102
0859_0364_0254_0382_0382.jpg 1 364 254 382 382
0860_0413_0094_0467_0467.jpg 1 413 94 467 467
0861_0148_0425_0039_0039.jpg 1 148 425 39 39
0862_0442_0118_0066_0066.jpg 1 442 118 66 66
0863_0423_0207_0354_0354.jpg 1 423 207 354 354
0864_0371_0160_0483_0483.jpg 1 371 160 483 483
0865_0750_0163_0296_0296.jpg 1 750 163 296 296
0866_0570_0163_0333_0333.jpg 1 570 163 333 333
0867_0343_0110_0211_0211.jpg 1 343 110 211 211
0868_0115_0127_0229_0229.jpg 1 115 127 229 229
0869_0277_0139_0115_0115.jpg 1 277 139 115 115
0870_0655_0047_0354_0354.jpg 1 655 47 354 354
0871_0253_0146_0192_0192.jpg 1 253 146 192 192
0872_0751_0303_0274_0274.jpg 1 751 303 274 274
0873_0798_0227_0051_0051.jpg 1 798 227 51 51
0874_0301_0218_0316_0316.jpg 1 301 218 316 316
0875_0728_0160_0088_0088.jpg 1 728 160 88 88
0876_0297_0119_0189_0189.jpg 1 297 119 189 189
0877_0586_0124_0352_0352.jpg 1 586 124 352 352
0878_0517_0268_0244_0244.jpg 1 517 268 244 244
0879_0498_0214_0294_0294.jpg 1 498 214 294 294
0880_0387_0068_0497_0497.jpg 1 387 68 497 497
0881_0420_0080_0462_0462.jpg 1 420 80 462 462
0882_0446_0183_0334_0334.jpg 1 446 183 334 334
0883_0340_0235_0425_0425.jpg 1 340 235 425 425
0884_0133_0263_0360_0360.jpg 1 133 263 360 360
0885_0228_0090_0089_0089.jpg 1 228 90 89 89
0886_0197_0131_0463_0463.jpg 1 197 131 463 463
0887_0176_0129_0491_0491.jpg 1 176 129 491 491
0888_0237_0088_0430_0430.jpg 1 237 88 430 430
0889_0138_0045_0439_0439.jpg 1 138 45 439 439
0890_0713_0377_0192_0192.jpg 1 713 377 192 192
0891_0445_0517_0065_0065.jpg 1 445 517 65 65
0892_0810_0165_0243_0243.jpg 1 810 165 243 243
0893_0245_0393_0096_0096.jpg 1 245 393 96 96
0894_0368_0166_0429_0429.jpg 1 368 166 429 429
0895_0605_0409_0025_0025.jpg 1 605 409 25 25
0896_0683_0460_0144_0144.jpg 1 683 460 144 144
0897_0506_0212_0367_0367.jpg 1 506 212 367 367
0898_0091_0111_0468_0468.jpg 1 91 111 468 468
0899_0167_0066_0434_0434.jpg 1 167 66 434 434
0900_0347_0263_0055_0055.jpg 1 347 263 55 55
0901_0174_0096_0472_0472.jpg 1 174 96 472 472
0902_0554_0113_0234_0234.jpg 1 554 113 234 234
0903_0658_0230_0072_0072.jpg 1 658 230 72 72
0904_0550_0282_0312_0312.jpg 1 550 282 312 312
0905_0333_0224_0394_0394.jpg 1 333 224 394 394
0906_0520_0286_0040_0040.jpg 1 520 286 40 40
0907_0673_0220_0066_0066.jpg 1 673 220 66 66
0908_0184_0532_0041_0041.jpg 1 184 532 41 41
0909_0534_0232_0057_0057.jpg 1 534 232 57 57
0910_0265_0211_0371_0371.jpg 1 265 211 371 371
0911_0210_0147_0383_0383.jpg 1 210 147 383 383
0912_0430_0232_0105_0105.jpg 1 430 232 105 105
0913_0192_0241_0215_0215.jpg 1 192 241 215 215
0914_0399_0311_0200_0200.jpg 1 399 311 200 200
0915_0485_0052_0424_0424.jpg 1 485 52 424 424
0916_0231_0329_0024_0024.jpg 1 231 329 24 24
0917_0453_0387_0180_0180.jpg 1 453 387 180 180
0918_0775_0291_0169_0169.jpg 1 775 291 169 169
0919_0853_0218_0203_0203.jpg 1 853 218 203 203
0920_0603_0327_0084_0084.jpg 1 603 327 84 84
0921_0215_0070_0223_0223.jpg 1 215 70 223 223
0922_0644_0069_0040_0040.jpg 1 644 69 40 40
0923_0529_0194_0422_0422.jpg 1 529 194 422 422
0924_0420_0281_0365_0365.jpg 1 420 281 365 365
0925_0137_0241_0374_0374.jpg 1 137 241 374 374
0926_0240_0297_0303_0303.jpg 1 240 297 303 303
0927_0525_0074_0358_0358.jpg 1 525 74 358 358
0928_0658_0268_0138_0138.jpg 1 658 268 138 138
0929_0350_0293_0249_0249.jpg 1 350 293 249 249
0930_0833_0206_0160_0160.jpg 1 833 206 160 160
0931_0282_0256_0336_0336.jpg 1 282 256 336 336
0932_0707_0383_0068_0068.jpg 1 707 383 68 68
0933_0257_0159_0076_0076.jpg 1 257 159 76 76
0934_0713_0087_0162_0162.jpg 1 713 87 162 162
0935_0757_0286_0247_0247.jpg 1 757 286 247 247
0936_0600_0149_0349_0349.jpg 1 600 149 349 349
0937_0695_0086_0086_0086.jpg 1 695 86 86 86
0938_0587_0316_0188_0188.jpg 1 587 316 188 188
0939_0715_0272_0201_0201.jpg 1 715 272 201 201
0940_0524_0147_0458_0458.jpg 1 524 147 458 458
0941_0429_0267_0043_0043.jpg 1 429 267 43 43
0942_0167_0285_0290_0290.jpg 1 167 285 290 290
0943_0154_0324_0093_0093.jpg 1 154 324 93 93
0944_0639_0475_0098_0098.jpg 1 639 475 98 98
0945_0717_0296_0284_0284.jpg 1 717 296 284 284
0946_0138_0068_0418_0418.jpg 1 138 68 418 418
0947_0114_0123_0458_0458.jpg 1 114 123 458 458
0948_0831_0255_0169_0169.jpg 1 831 255 169 169
0949_0887_0277_0065_0065.jpg 1 887 277 65 65
0950_0204_0165_0380_0380.jpg 1 204 165 380 380
0951_0296_0240_0391_0391.jpg 1 296 240 391 391
0952_0543_0111_0403_0403.jpg 1 543 111 403 403
0953_0374_0331_0235_0235.jpg 1 374 331 235 235
0954_0862_0458_0047_0047.jpg 1 862 458 47 47
0955_0398_0324_0304_0304.jpg 1 398 324 304 304
0956_0113_0371_0209_0209.jpg 1 113 371 209 209
0957_0739_0092_0334_0334.jpg 1 739 92 334 334
0958_0699_0074_0090_0090.jpg 1 699 74 90 90
0959_0830_0408_0125_0125.jpg 1 830 408 125 125
0960_0397_0131_0481_0481.jpg 1 397 131 481 481
0961_0535_0176_0117_0117.jpg 1 535 176 117 117
0962_0176_0479_0119_0119.jpg 1 176 479 119 119
0963_0176_0050_0425_0425.jpg 1 176 50 425 425
0964_0131_0314_0279_0279.jpg 1 131 314 279 279
0965_0738_0291_0176_0176.jpg 1 738 291 176 176
0966_0607_0098_0344_0344.jpg 1 607 98 344 344
0967_0451_0429_0141_0141.jpg 1 451 429 141 141
0968_0330_0479_0090_0090.jpg 1 330 479 90 90
0969_0317_0361_0086_0086.jpg 1 317 361 86 86
0970_0392_0353_0078_0078.jpg 1 392 353 78 78
0971_0085_0126_0430_0430.jpg 1 85 126 430 430
0972_0427_0056_0484_0484.jpg 1 427 56 484 484
0973_0323_0149_0258_0258.jpg 1 323 149 258 258
0974_0439_0259_0157_0157.jpg 1 439 259 157 157
0975_0268_0502_0079_0079.jpg 1 268 502 79 79
0976_0441_0141_0494_0494.jpg 1 441 141 494 494
0977_0651_0028_0456_0456.jpg 1 651 28 456 456
0978_0680_0282_0316_0316.jpg 1 680 282 316 316
0979_0180_0024_0483_0483.jpg 1 180 24 483 483
0980_0180_0224_0054_0054.jpg 1 180 224 54 54
0981_0184_0098_0475_0475.jpg 1 184 98 475 475
0982_0772_0522_0041_0041.jpg 1 772 522 41 41
0983_0608_0224_0243_0243.jpg 1 608 224 243 243
0984_0126_0081_0440_0440.jpg 1 126 81 440 440
0985_0701_0121_0385_0385.jpg 1 701 121 385 385
0986_0670_0108_0363_0363.jpg 1 670 108 363 363
0987_0509_0063_0483_0483.jpg 1 509 63 483 483
0988_0499_0265_0040_0040.jpg 1 499 265 40 40
0989_0425_0082_0480_0480.jpg 1 425 82 480 480
0990_0256_0450_0063_0063.jpg 1 256 450 63 63
0991_0655_0212_0359_0359.jpg 1 655 212 359 359
0992_0460_0399_0143_0143.jpg 1 460 399 143 143
0993_0544_0188_0438_0438.jpg 1 544 188 438 438
0994_0821_0326_0131_0131.jpg 1 821 326 131 131
0995_0176_0028_0452_0452.jpg 1 176 28 452 452
0996_0550_0240_0145_0145.jpg 1 550 240 145 145
0997_0502_0348_0090_0090.jpg 1 502 348 90 90
0998_0533_0211_0277_0277.jpg 1 533 211 277 277
0999_0149_0188_0234_0234.jpg 1 149 188 234 234
1000_0532_0115_0373_0373.jpg 1 532 115 373 373
1001_0549_0301_0118_0118.jpg 1 549 301 118 118
1002_0315_0092_0376_0376.jpg 1 315 92 376 376
1003_0313_0238_0377_0377.jpg 1 313 238 377 377
1004_0822_0067_0094_0094.jpg 1 822 67 94 94
1005_0421_0232_0305_0305.jpg 1 421 232 305 305
1006_0578_0120_0405_0405.jpg 1 578 120 405 405
1007_0488_0190_0387_0387.jpg 1 488 190 387 387
1008_0131_0121_0246_0246.jpg 1 131 121 246 246
1009_0828_0068_0109_0109.jpg 1 828 68 109 109
1010_0779_0139_0246_0246.jpg 1 779 139 246 246
1011_0320_0202_0397_0397.jpg 1 320 202 397 397
1012_0766_0083_0302_0302.jpg 1 766 83 302 302
1013_0430_0425_0066_0066.jpg 1 430 425 66 66
1014_0653_0122_0412_0412.jpg 1 653 122 412 412
1015_0134_0156_0025_0025.jpg 1 134 156 25 25
1016_0443_0155_0402_0402.jpg 1 443 155 402 402
1017_0415_0322_0079_0079.jpg 1 415 322 79 79
1018_0572_0258_0264_0264.jpg 1 572 258 264 264
1019_0206_0237_0288_0288.jpg 1 206 237 288 288
1020_0310_0118_0295_0295.jpg 1 310 118 295 295
1021_0527_0298_0071_0071.jpg 1 527 298 71 71
1022_0536_0112_0468_0468.jpg 1 536 112 468 468
1023_0148_0168_0357_0357.jpg 1 148 168 357 357
1024_0902_0123_0072_0072.jpg 1 902 123 72 72
1025_0617_0453_0120_0120.jpg 1 617 453 120 120
1026_0352_0097_0270_0270.jpg 1 352 97 270 270
1027_0368_0166_0233_0233.jpg 1 368 166 233 233
1028_0574_0215_0445_0445.jpg 1 574 215 445 445
1029_0522_0388_0168_0168.jpg 1 522 388 168 168
1030_0296_0024_0481_0481.jpg 1 296 24 481 481
1031_0963_0291_0069_0069.jpg 1 963 291 69 69
1032_0332_0133_0418_0418.jpg 1 332 133 418 418
1033_0590_0260_0222_0222.jpg 1 590 260 222 222
1034_0944_0310_0062_0062.jpg 1 944 310 62 62
1035_0334_0047_0497_0497.jpg 1 334 47 497 497
1036_0208_0178_0495_0495.jpg 1 208 178 495 495
1037_0698_0099_0121_0121.jpg 1 698 99 121 121
1038_0387_0047_0306_0306.jpg 1 387 47 306 306
1039_0240_0461_0079_0079.jpg 1 240 461 79 79
1040_0647_0260_0232_0232.jpg 1 647 260 232 232
1041_0626_0300_0307_0307.jpg 1 626 300 307 307
1042_0266_0200_0089_0089.jpg 1 266 200 89 89
1043_0168_0383_0106_0106.jpg 1 168 383 106 106
1044_0427_0091_0342_0342.jpg 1 427 91 342 342
1045_0448_0117_0293_0293.jpg 1 448 117 293 293
1046_0204_0329_0292_0292.jpg 1 204 329 292 292
1047_0284_0373_0206_0206.jpg 1 284 373 206 206
1048_0616_0165_0371_0371.jpg 1 616 165 371 371
1049_0456_0057_0414_0414.jpg 1 456 57 414 414
1050_0786_0078_0251_0251.jpg 1 786 78 251 251
1051_0623_0101_0500_0500.jpg 1 623 101 500 500
1052_0898_0353_0083_0083.jpg 1 898 353 83 83
1053_0604_0094_0149_0149.jpg 1 604 94 149 149
1054_0363_0132_0044_0044.jpg 1 363 132 44 44
1055_0684_0412_0156_0156.jpg 1 684 412 156 156
1056_0882_0200_0124_0124.jpg 1 882 200 124 124
1057_0798_0054_0250_0250.jpg 1 798 54 250 250
1058_0363_0114_0347_0347.jpg 1 363 114 347 347
1059_0535_0272_0334_0334.jpg 1 535 272 334 334
1060_0232_0212_0096_0096.jpg 1 232 212 96 96
1061_0230_0049_0407_0407.jpg 1 230 49 407 407
1062_0381_0031_0410_0410.jpg 1 381 31 410 410
1063_0718_0329_0113_0113.jpg 1 718 329 113 113
1064_0456_0242_0218_0218.jpg 1 456 242 218 218
1065_0168_0311_0086_0086.jpg 1 168 311 86 86
1066_0652_0314_0075_0075.jpg 1 652 314 75 75
1067_0267_0413_0183_0183.jpg 1 267 413 183 183
1068_0858_0160_0157_0157.jpg 1 858 160 157 157
1069_0455_0161_0330_0330.jpg 1 455 161 330 330
1070_0615_0225_0346_0346.jpg 1 615 225 346 346
1071_0430_0138_0415_0415.jpg 1 430 138 415 415
1072_0637_0401_0217_0217.jpg 1 637 401 217 217
1073_0685_0340_0293_0293.jpg 1 685 340 293 293
1074_0461_0035_0472_0472.jpg 1 461 35 472 472
1075_0796_0286_0268_0268.jpg 1 796 286 268 268
1076_0287_0067_0303_0303.jpg 1 287 67 303 303
1077_0607_0101_0426_0426.jpg 1 607 101 426 426
1078_0877_0329_0056_0056.jpg 1 877 329 56 56
1079_0208_0144_0386_0386.jpg 1 208 144 386 386
1080_0461_0073_0428_0428.jpg 1 461 73 428 428
1081_0142_0188_0427_0427.jpg 1 142 188 427 427
1082_0894_0318_0027_0027.jpg 1 894 318 27 27
1083_0645_0347_0285_0285.jpg 1 645 347 285 285
1084_0268_0187_0222_0222.jpg 1 268 187 222 222
1085_0116_0073_0424_0424.jpg 1 116 73 424 424
1086_0666_0084_0388_0388.jpg 1 666 84 388 388
1087_0622_0169_0455_0455.jpg 1 622 169 455 455
1088_0375_0213_0298_0298.jpg 1 375 213 298 298
1089_0129_0257_0338_0338.jpg 1 129 257 338 338
1090_0166_0449_0074_0074.jpg 1 166 449 74 74
1091_0208_0209_0431_0431.jpg 1 208 209 431 431
1092_0589_0354_0179_0179.jpg 1 589 354 179 179
1093_0664_0537_0025_0025.jpg 1 664 537 25 25
1094_0166_0369_0118_0118.jpg 1 166 369 118 118
1095_0342_0116_0190_0190.jpg 1 342 116 190 190
1096_0226_0256_0324_0324.jpg 1 226 256 324 324
1097_0481_0213_0424_0424.jpg 1 481 213 424 424
1098_0737_0234_0242_0242.jpg 1 737 234 242 242
1099_0612_0238_0320_0320.jpg 1 612 238 320 320
1100_0230_0303_0104_0104.jpg 1 230 303 104 104
1101_0142_0370_0144_0144.jpg 1 142 370 144 144
1102_0155_0085_0455_0455.jpg 1 155 85 455 455
1103_0155_0272_0203_0203.jpg 1 155 272 203 203
1104_0528_0066_0462_0462.jpg 1 528 66 462 462
1105_0351_0150_0372_0372.jpg 1 351 150 372 372
1106_0725_0144_0238_0238.jpg 1 725 144 238 238
1107_0490_0165_0322_0322.jpg 1 490 165 322 322
1108_0308_0389_0201_0201.jpg 1 308 389 201 201
1109_0480_0048_0391_0391.jpg 1 480 48 391 391
1110_0261_0470_0036_0036.jpg 1 261 470 36 36
1111_0482_0106_0257_0257.jpg 1 482 106 257 257
1112_0369_0201_0186_0186.jpg 1 369 201 186 186
1113_0618_0171_0296_0296.jpg 1 618 171 296 296
1114_0750_0223_0248_0248.jpg 1 750 223 248 248
1115_0393_0056_0383_0383.jpg 1 393 56 383 383
1116_0573_0305_0217_0217.jpg 1 573 305 217 217
1117_0696_0311_0272_0272.jpg 1 696 311 272 272
1118_0304_0121_0336_0336.jpg 1 304 121 336 336
1119_0562_0174_0288_0288.jpg 1 562 174 288 288
1120_0270_0262_0361_0361.jpg 1 270 262 361 361
1121_0558_0100_0431_0431.jpg 1 558 100 431 431
1122_0204_0081_0317_0317.jpg 1 204 81 317 317
1123_0117_0212_0442_0442.jpg 1 117 212 442 442
1124_0534_0058_0499_0499.jpg 1 534 58 499 499
1125_0135_0108_0478_0478.jpg 1 135 108 478 478
1126_0878_0448_0157_0157.jpg 1 878 448 157 157
1127_0118_0305_0216_0216.jpg 1 118 305 216 216
1128_0572_0044_0481_0481.jpg 1 572 44 481 481
1129_0301_0167_0098_0098.jpg 1 301 167 98 98
1130_0443_0233_0224_0224.jpg 1 443 233 224 224
1131_0132_0185_0391_0391.jpg 1 132 185 391 391
1132_0661_0233_0201_0201.jpg 1 661 233 201 201
1133_0239_0157_0207_0207.jpg 1 239 157 207 207
1134_0561_0066_0173_0173.jpg 1 561 66 173 173
1135_0350_0076_0427_0427.jpg 1 350 76 427 427
1136_0836_0247_0199_0199.jpg 1 836 247 199 199
1137_0166_0179_0123_0123.jpg 1 166 179 123 123
1138_0124_0063_0433_0433.jpg 1 124 63 433 433
1139_0522_0280_0040_0040.jpg 1 522 280 40 40
1140_0646_0254_0359_0359.jpg 1 646 254 359 359
1141_0588_0419_0091_0091.jpg 1 588 419 91 91
1142_0537_0168_0060_0060.jpg 1 537 168 60 60
1143_0225_0060_0330_0330.jpg 1 225 60 330 330
1144_0876_0406_0080_0080.jpg 1 876 406 80 80
1145_0678_0395_0111_0111.jpg 1 678 395 111 111
1146_0881_0391_0156_0156.jpg 1 881 391 156 156
1147_0532_0415_0194_0194.jpg 1 532 415 194 194
1148_0807_0188_0052_0052.jpg 1 807 188 52 52
1149_0568_0079_0419_0419.jpg 1 568 79 419 419
1150_0426_0158_0425_0425.jpg 1 426 158 425 425
1151_0571_0164_0425_0425.jpg 1 571 164 425 425
1152_0262_0074_0442_0442.jpg 1 262 74 442 442
1153_0458_0182_0113_0113.jpg 1 458 182 113 113
1154_0200_0046_0343_0343.jpg 1 200 46 343 343
1155_0256_0120_0430_0430.jpg 1 256 120 430 430
1156_0614_0255_0276_0276.jpg 1 614 255 276 276
1157_0218_0331_0265_0265.jpg 1 218 331 265 265
1158_0302_0357_0156_0156.jpg 1 302 357 156 156
1159_0511_0140_0336_0336.jpg 1 511 140 336 336
1160_0312_0446_0145_0145.jpg 1 312 446 145 145
1161_0415_0262_0148_0148.jpg 1 415 262 148 148
1162_0897_0333_0056_0056.jpg 1 897 333 56 56
1163_0469_0082_0491_0491.jpg 1 469 82 491 491
1164_0327_0125_0102_0102.jpg 1 327 125 102 102
1165_0308_0138_0296_0296.jpg 1 308 138 296 296
1166_0115_0178_0453_0453.jpg 1 115 178 453 453
1167_0527_0214_0258_0258.jpg 1 527 214 258 258
1168_0438_0213_0245_0245.jpg 1 438 213 245 245
1169_0736_0168_0039_0039.jpg 1 736 168 39 39
1170_0703_0271_0282_0282.jpg 1 703 271 282 282
1171_0094_0104_0412_0412.jpg 1 94 104 412 412
1172_0172_0186_0351_0351.jpg 1 172 186 351 351
1173_0674_0077_0180_0180.jpg 1 674 77 180 180
1174_0376_0043_0327_0327.jpg 1 376 43 327 327
1175_0480_0055_0334_0334.jpg 1 480 55 334 334
1176_0648_0116_0391_0391.jpg 1 648 116 391 391
1177_0120_0139_0444_0444.jpg 1 120 139 444 444
1178_0538_0296_0191_0191.jpg 1 538 296 191 191
1179_0141_0408_0161_0161.jpg 1 141 408 161 161
1180_0744_0337_0025_0025.jpg 1 744 337 25 25
1181_0835_0441_0159_0159.jpg 1 835 441 159 159
1182_0139_0213_0300_0300.jpg 1 139 213 300 300
1183_0472_0488_0046_0046.jpg 1 472 488 46 46
1184_0195_0480_0094_0094.jpg 1 195 480 94 94
1185_0245_0164_0443_0443.jpg 1 245 164 443 443
1186_0338_0410_0193_0193.jpg 1 338 410 193 193
1187_0124_0070_0095_0095.jpg 1 124 70 95 95
1188_0619_0347_0092_0092.jpg 1 619 347 92 92
1189_0458_0199_0435_0435.jpg 1 458 199 435 435
1190_0823_0379_0033_0033.jpg 1 823 379 33 33
1191_0748_0470_0058_0058.jpg 1 748 470 58 58
1192_0353_0236_0034_0034.jpg 1 353 236 34 34
1193_0293_0373_0024_0024.jpg 1 293 373 24 24
1194_0796_0164_0178_0178.jpg 1 796 164 178 178
1195_0836_0394_0131_0131.jpg 1 836 394 131 131
1196_0144_0075_0306_0306.jpg 1 144 75 306 306
1197_0173_0239_0261_0261.jpg 1 173 239 261 261
1198_0189_0138_0371_0371.jpg 1 189 138 371 371
1199_0275_0147_0170_0170.jpg 1 275 147 170 170
1200_0812_0204_0067_0067.jpg 1 812 204 67 67
1201_0379_0126_0156_0156.jpg 1 379 126 156 156
1202_0834_0430_0068_0068.jpg 1 834 430 68 68
1203_0532_0096_0419_0419.jpg 1 532 96 419 419
1204_0292_0217_0249_0249.jpg 1 292 217 249 249
1205_0411_0428_0083_0083.jpg 1 411 428 83 83
1206_0509_0064_0148_0148.jpg 1 509 64 148 148
1207_0545_0188_0372_0372.jpg 1 545 188 372 372
1208_0255_0108_0235_0235.jpg 1 255 108 235 235
1209_0605_0316_0311_0311.jpg 1 605 316 311 311
1210_0310_0114_0328_0328.jpg 1 310 114 328 328
1211_0812_0277_0085_0085.jpg 1 812 277 85 85
1212_0400_0412_0073_0073.jpg 1 400 412 73 73
1213_0508_0275_0344_0344.jpg 1 508 275 344 344
1214_0797_0146_0166_0166.jpg 1 797 146 166 166
1215_0189_0101_0298_0298.jpg 1 189 101 298 298
1216_0808_0353_0256_0256.jpg 1 808 353 256 256
1217_0351_0169_0233_0233.jpg 1 351 169 233 233
1218_0190_0107_0043_0043.jpg 1 190 107 43 43
1219_0354_0051_0279_0279.jpg 1 354 51 279 279
1220_0294_0107_0146_0146.jpg 1 294 107 146 146
1221_0281_0399_0131_0131.jpg 1 281 399 131 131
1222_0783_0289_0078_0078.jpg 1 783 289 78 78
1223_0308_0056_0467_0467.jpg 1 308 56 467 467
1224_0679_0380_0130_0130.jpg 1 679 380 130 130
1225_0664_0350_0127_0127.jpg 1 664 350 127 127
1226_0359_0220_0260_0260.jpg 1 359 220 260 260
1227_0828_0153_0179_0179.jpg 1 828 153 179 179
1228_0550_0038_0408_0408.jpg 1 550 38 408 408
1229_0122_0256_0141_0141.jpg 1 122 256 141 141
1230_0116_0046_0416_0416.jpg 1 116 46 416 416
1231_0609_0168_0302_0302.jpg 1 609 168 302 302
1232_0734_0308_0226_0226.jpg 1 734 308 226 226
1233_0257_0242_0047_0047.jpg 1 257 242 47 47
1234_0174_0143_0254_0254.jpg 1 174 143 254 254
1235_0228_0143_0343_0343.jpg 1 228 143 343 343
1236_0954_0265_0063_0063.jpg 1 954 265 63 63
1237_0240_0292_0236_0236.jpg 1 240 292 236 236
1238_0208_0122_0125_0125.jpg 1 208 122 125 125
1239_0114_0237_0377_0377.jpg 1 114 237 377 377
1240_0238_0110_0430_0430.jpg 1 238 110 430 430
1241_0887_0245_0167_0167.jpg 1 887 245 167 167
1242_0585_0403_0061_0061.jpg 1 585 403 61 61
1243_0583_0339_0102_0102.jpg 1 583 339 102 102
1244_0561_0173_0477_0477.jpg 1 561 173 477 477
1245_0339_0281_0038_0038.jpg 1 339 281 38 38
1246_0358_0150_0438_0438.jpg 1 358 150 438 438
1247_0387_0266_0240_0240.jpg 1 387 266 240 240
1248_0621_0211_0386_0386.jpg 1 621 211 386 386
1249_0390_0235_0097_0097.jpg 1 390 235 97 97
1250_0524_0066_0063_0063.jpg 1 524 66 63 63
1251_0462_0137_0139_0139.jpg 1 462 137 139 139
1252_0417_0323_0220_0220.jpg 1 417 323 220 220
1253_0662_0283_0306_0306.jpg 1 662 283 306 306
1254_0558_0129_0429_0429.jpg 1 558 129 429 429
1255_0509_0169_0365_0365.jpg 1 509 169 365 365
1256_0362_0255_0258_0258.jpg 1 362 255 258 258
1257_0272_0209_0332_0332.jpg 1 272 209 332 332
1258_0512_0103_0415_0415.jpg 1 512 103 415 415
1259_0287_0349_0150_0150.jpg 1 287 349 150 150
1260_0517_0083_0417_0417.jpg 1 517 83 417 417
1261_0863_0374_0163_0163.jpg 1 863 374 163 163
1262_0439_0236_0181_0181.jpg 1 439 236 181 181
1263_0430_0274_0374_0374.jpg 1 430 274 374 374
1264_0142_0273_0141_0141.jpg 1 142 273 141 141
1265_0092_0206_0409_0409.jpg 1 92 206 409 409
1266_0673_0316_0173_0173.jpg 1 673 316 173 173
1267_0539_0097_0250_0250.jpg 1 539 97 250 250
1268_0386_0276_0075_0075.jpg 1 386 276 75 75
1269_0287_0174_0493_0493.jpg 1 287 174 493 493
1270_0194_0265_0213_0213.jpg 1 194 265 213 213
1271_0557_0121_0268_0268.jpg 1 557 121 268 268
1272_0217_0150_0382_0382.jpg 1 217 150 382 382
1273_0476_0348_0248_0248.jpg 1 476 348 248 248
1274_0139_0113_0398_0398.jpg 1 139 113 398 398
1275_0144_0120_0330_0330.jpg 1 144 120 330 330
1276_0164_0362_0179_0179.jpg 1 164 362 179 179
1277_0245_0250_0251_0251.jpg 1 245 250 251 251
1278_0232_0088_0388_0388.jpg 1 232 88 388 388
1279_0217_0262_0266_0266.jpg 1 217 262 266 266
1280_0233_0073_0341_0341.jpg 1 233 73 341 341
1281_0173_0325_0292_0292.jpg 1 173 325 292 292
1282_0243_0073_0465_0465.jpg 1 243 73 465 465
1283_0137_0107_0420_0420.jpg 1 137 107 420 420
1284_0349_0140_0383_0383.jpg 1 349 140 383 383
1285_0258_0076_0503_0503.jpg 1 258 76 503 503
1286_0441_0197_0468_0468.jpg 1 441 197 468 468
1287_0346_0392_0104_0104.jpg 1 346 392 104 104
1288_0612_0178_0494_0494.jpg 1 612 178 494 494
1289_0262_0136_0457_0457.jpg 1 262 136 457 457
1290_0249_0157_0457_0457.jpg 1 249 157 457 457
1291_0453_0301_0155_0155.jpg 1 453 301 155 155
1292_0254_0062_0472_0472.jpg 1 254 62 472 472
1293_0183_0197_0346_0346.jpg 1 183 197 346 346
1294_0529_0190_0350_0350.jpg 1 529 190 350 350
1295_0615_0465_0134_0134.jpg 1 615 465 134 134
1296_0364_0259_0072_0072.jpg 1 364 259 72 72
1297_0631_0074_0407_0407.jpg 1 631 74 407 407
1298_0404_0170_0331_0331.jpg 1 404 170 331 331
1299_0310_0153_0081_0081.jpg 1 310 153 81 81
1300_0525_0085_0325_0325.jpg 1 525 85 325 325
1301_0510_0192_0428_0428.jpg 1 510 192 428 428
1302_0553_0096_0299_0299.jpg 1 553 96 299 299
1303_0742_0065_0169_0169.jpg 1 742 65 169 169
1304_0553_0344_0247_0247.jpg 1 553 344 247 247
1305_0446_0541_0030_0030.jpg 1 446 541 30 30
1306_0548_0311_0273_0273.jpg 1 548 311 273 273
1307_0834_0181_0125_0125.jpg 1 834 181 125 125
1308_0874_0149_0030_0030.jpg 1 874 149 30 30
1309_0219_0289_0187_0187.jpg 1 219 289 187 187
1310_0139_0206_0373_0373.jpg 1 139 206 373 373
1311_0178_0486_0107_0107.jpg 1 178 486 107 107
1312_0339_0116_0499_0499.jpg 1 339 116 499 499
1313_0479_0178_0439_0439.jpg 1 479 178 439 439
1314_0640_0369_0205_0205.jpg 1 640 369 205 205
1315_0650_0396_0063_0063.jpg 1 650 396 63 63
1316_0664_0118_0405_0405.jpg 1 664 118 405 405
1317_0480_0334_0199_0199.jpg 1 480 334 199 199
1318_0170_0157_0313_0313.jpg 1 170 157 313 313
1319_0107_0048_0478_0478.jpg 1 107 48 478 478
1320_0521_0115_0210_0210.jpg 1 521 115 210 210
1321_0731_0076_0097_0097.jpg 1 731 76 97 97
1322_0240_0152_0357_0357.jpg 1 240 152 357 357
1323_0548_0286_0243_0243.jpg 1 548 286 243 243
1324_0529_0192_0286_0286.jpg 1 529 192 286 286
1325_0128_0198_0260_0260.jpg 1 128 198 260 260
1326_0344_0084_0466_0466.jpg 1 344 84 466 466
1327_0724_0150_0131_0131.jpg 1 724 150 131 131
1328_0447_0132_0344_0344.jpg 1 447 132 344 344
1329_0873_0192_0134_0134.jpg 1 873 192 134 134
1330_0571_0283_0100_0100.jpg 1 571 283 100 100
1331_0244_0379_0040_0040.jpg 1 244 379 40 40
1332_0500_0184_0242_0242.jpg 1 500 184 242 242
1333_0838_0226_0156_0156.jpg 1 838 226 156 156
1334_0339_0245_0368_0368.jpg 1 339 245 368 368
1335_0221_0333_0266_0266.jpg 1 221 333 266 266
1336_0347_0124_0295_0295.jpg 1 347 124 295 295
1337_0416_0057_0410_0410.jpg 1 416 57 410 410
1338_0456_0164_0149_0149.jpg 1 456 164 149 149
1339_0296_0157_0229_0229.jpg 1 296 157 229 229
1340_0177_0099_0111_0111.jpg 1 177 99 111 111
1341_0261_0229_0093_0093.jpg 1 261 229 93 93
1342_0195_0054_0357_0357.jpg 1 195 54 357 357
1343_0478_0089_0097_0097.jpg 1 478 89 97 97
1344_0607_0063_0462_0462.jpg 1 607 63 462 462
1345_0132_0472_0122_0122.jpg 1 132 472 122 122
1346_0141_0033_0487_0487.jpg 1 141 33 487 487
1347_0231_0226_0364_0364.jpg 1 231 226 364 364
1348_0565_0163_0503_0503.jpg 1 565 163 503 503
1349_0179_0156_0477_0477.jpg 1 179 156 477 477
1350_0422_0033_0394_0394.jpg 1 422 33 394 394
1351_0418_0059_0203_0203.jpg 1 418 59 203 203
1352_0651_0326_0111_0111.jpg 1 651 326 111 111
1353_0523_0179_0321_0321.jpg 1 523 179 321 321
1354_0529_0148_0077_0077.jpg 1 529 148 77 77
1355_0367_0113_0353_0353.jpg 1 367 113 353 353
1356_0655_0080_0451_0451.jpg 1 655 80 451 451
1357_0652_0250_0149_0149.jpg 1 652 250 149 149
1358_0861_0257_0147_0147.jpg 1 861 257 147 147
1359_0559_0481_0050_0050.jpg 1 559 481 50 50
1360_0573_0276_0276_0276.jpg 1 573 276 276 276
1361_0874_0292_0120_0120.jpg 1 874 292 120 120
1362_0268_0140_0388_0388.jpg 1 268 140 388 388
1363_0811_0357_0196_0196.jpg 1 811 357 196 196
1364_0603_0153_0472_0472.jpg 1 603 153 472 472
1365_0637_0218_0358_0358.jpg 1 637 218 358 358
1366_0267_0361_0119_0119.jpg 1 267 361 119 119
1367_0236_0198_0340_0340.jpg 1 236 198 340 340
1368_0165_0122_0384_0384.jpg 1 165 122 384 384
1369_0298_0074_0192_0192.jpg 1 298 74 192 192
1370_0211_0246_0334_0334.jpg 1 211 246 334 334
1371_0418_0382_0199_0199.jpg 1 418 382 199 199
1372_0206_0383_0218_0218.jpg 1 206 383 218 218
1373_0174_0177_0190_0190.jpg 1 174 177 190 190
1374_0609_0489_0036_0036.jpg 1 609 489 36 36
1375_0486_0087_0175_0175.jpg 1 486 87 175 175
1376_0577_0190_0259_0259.jpg 1 577 190 259 259
1377_0168_0243_0058_0058.jpg 1 168 243 58 58
1378_0238_0170_0396_0396.jpg 1 238 170 396 396
1379_0289_0156_0375_0375.jpg 1 289 156 375 375
1380_0450_0094_0081_0081.jpg 1 450 94 81 81
1381_0363_0202_0346_0346.jpg 1 363 202 346 346
1382_0460_0104_0411_0411.jpg 1 460 104 411 411
1383_0460_0186_0343_0343.jpg 1 460 186 343 343
1384_0495_0185_0468_0468.jpg 1 495 185 468 468
1385_0328_0169_0456_0456.jpg 1 328 169 456 456
1386_0336_0158_0194_0194.jpg 1 336 158 194 194
1387_0184_0109_0302_0302.jpg 1 184 109 302 302
1388_0159_0317_0101_0101.jpg 1 159 317 101 101
1389_0415_0039_0420_0420.jpg 1 415 39 420 420
1390_0461_0164_0362_0362.jpg 1 461 164 362 362
1391_0105_0192_0420_0420.jpg 1 105 192 420 420
1392_0531_0186_0461_0461.jpg 1 531 186 461 461
1393_0431_0072_0330_0330.jpg 1 431 72 330 330
1394_0381_0081_0413_0413.jpg 1 381 81 413 413
1395_0153_0078_0290_0290.jpg 1 153 78 290 290
1396_0229_0324_0306_0306.jpg 1 229 324 306 306
1397_0502_0243_0248_0248.jpg 1 502 243 248 248
1398_0259_0379_0204_0204.jpg 1 259 379 204 204
1399_0104_0197_0458_0458.jpg 1 104 197 458 458
1400_0585_0116_0166_0166.jpg 1 585 116 166 166
1401_0635_0175_0456_0456.jpg 1 635 175 456 456
1402_0523_0149_0314_0314.jpg 1 523 149 314 314
1403_0779_0215_0141_0141.jpg 1 779 215 141 141
1404_0611_0128_0277_0277.jpg 1 611 128 277 277
1405_0562_0114_0312_0312.jpg 1 562 114 312 312
1406_0395_0053_0457_0457.jpg 1 395 53 457 457
1407_0545_0170_0406_0406.jpg 1 545 170 406 406
1408_0593_0238_0193_0193.jpg 1 593 238 193 193
1409_0832_0321_0185_0185.jpg 1 832 321 185 185
1410_0451_0030_0421_0421.jpg 1 451 30 421 421
1411_0874_0329_0108_0108.jpg 1 874 329 108 108
1412_0562_0278_0144_0144.jpg 1 562 278 144 144
1413_0496_0120_0185_0185.jpg 1 496 120 185 185
1414_0165_0156_0373_0373.jpg 1 165 156 373 373
1415_0591_0196_0460_0460.jpg 1 591 196 460 460
1416_0351_0047_0302_0302.jpg 1 351 47 302 302
1417_0286_0216_0422_0422.jpg 1 286 216 422 422
1418_0150_0174_0253_0253.jpg 1 150 174 253 253
1419_0447_0138_0497_0497.jpg 1 447 138 497 497
1420_0812_0191_0233_0233.jpg 1 812 191 233 233
1421_0905_0405_0079_0079.jpg 1 905 405 79 79
1422_0221_0203_0365_0365.jpg 1 221 203 365 365
1423_0534_0227_0192_0192.jpg 1 534 227 192 192
1424_0804_0474_0105_0105.jpg 1 804 474 105 105
1425_0571_0232_0231_0231.jpg 1 571 232 231 231
1426_0661_0283_0195_0195.jpg 1 661 283 195 195
1427_0506_0046_0287_0287.jpg 1 506 46 287 287
1428_0350_0365_0241_0241.jpg 1 350 365 241 241
1429_0832_0282_0119_0119.jpg 1 832 282 119 119
1430_0241_0266_0210_0210.jpg 1 241 266 210 210
1431_0408_0333_0272_0272.jpg 1 408 333 272 272
1432_0286_0216_0142_0142.jpg 1 286 216 142 142
1433_0410_0040_0370_0370.jpg 1 410 40 370 370
1434_0673_0146_0388_0388.jpg 1 673 146 388 388
1435_0505_0233_0424_0424.jpg 1 505 233 424 424
1436_0576_0333_0157_0157.jpg 1 576 333 157 157
1437_0792_0544_0033_0033.jpg 1 792 544 33 33
1438_0446_0086_0359_0359.jpg 1 446 86 359 359
1439_0732_0173_0355_0355.jpg 1 732 173 355 355
1440_0655_0082_0447_0447.jpg 1 655 82 447 447
1441_0096_0147_0335_0335.jpg 1 96 147 335 335
1442_0555_0094_0450_0450.jpg 1 555 94 450 450
1443_0533_0183_0421_0421.jpg 1 533 183 421 421
1444_0816_0177_0058_0058.jpg 1 816 177 58 58
1445_0417_0078_0038_0038.jpg 1 417 78 38 38
1446_0125_0149_0244_0244.jpg 1 125 149 244 244
1447_0472_0127_0237_0237.jpg 1 472 127 237 237
1448_0118_0070_0261_0261.jpg 1 118 70 261 261
1449_0687_0150_0314_0314.jpg 1 687 150 314 314
1450_0674_0324_0171_0171.jpg 1 674 324 171 171
1451_0160_0041_0406_0406.jpg 1 160 41 406 406
1452_0493_0101_0460_0460.jpg 1 493 101 460 460
1453_0502_0181_0095_0095.jpg 1 502 181 95 95
1454_0582_0397_0135_0135.jpg 1 582 397 135 135
1455_0574_0105_0424_0424.jpg 1 574 105 424 424
1456_0735_0366_0085_0085.jpg 1 735 366 85 85
1457_0700_0064_0367_0367.jpg 1 700 64 367 367
1458_0186_0246_0084_0084.jpg 1 186 246 84 84
1459_0496_0103_0422_0422.jpg 1 496 103 422 422
1460_0296_0223_0263_0263.jpg 1 296 223 263 263
1461_0442_0301_0266_0266.jpg 1 442 301 266 266
1462_0184_0380_0170_0170.jpg 1 184 380 170 170
1463_0512_0251_0159_0159.jpg 1 512 251 159 159
1464_0415_0156_0379_0379.jpg 1 415 156 379 379
1465_0639_0109_0106_0106.jpg 1 639 109 106 106
1466_0686_0059_0376_0376.jpg 1 686 59 376 376
1467_0460_0242_0264_0264.jpg 1 460 242 264 264
1468_0752_0186_0275_0275.jpg 1 752 186 275 275
1469_0690_0355_0240_0240.jpg 1 690 355 240 240
1470_0724_0119_0154_0154.jpg 1 724 119 154 154
1471_0489_0275_0278_0278.jpg 1 489 275 278 278
1472_0456_0096_0362_0362.jpg 1 456 96 362 362
1473_0713_0442_0042_0042.jpg 1 713 442 42 42
1474_0297_0071_0435_0435.jpg 1 297 71 435 435
1475_0712_0296_0124_0124.jpg 1 712 296 124 124
1476_0458_0122_0293_0293.jpg 1 458 122 293 293
1477_0316_0194_0035_0035.jpg 1 316 194 35 35
1478_0344_0197_0088_0088.jpg 1 344 197 88 88
1479_0605_0119_0418_0418.jpg 1 605 119 418 418
1480_0253_0241_0161_0161.jpg 1 253 241 161 161
1481_0446_0095_0469_0469.jpg 1 446 95 469 469
1482_0946_0416_0093_0093.jpg 1 946 416 93 93
1483_0544_0056_0198_0198.jpg 1 544 56 198 198
1484_0311_0358_0068_0068.jpg 1 311 358 68 68
1485_0237_0061_0310_0310.jpg 1 237 61 310 310
1486_0262_0138_0059_0059.jpg 1 262 138 59 59
1487_0142_0059_0345_0345.jpg 1 142 59 345 345
1488_0571_0226_0354_0354.jpg 1 571 226 354 354
1489_0411_0109_0260_0260.jpg 1 411 109 260 260
1490_0195_0131_0238_0238.jpg 1 195 131 238 238
1491_0536_0249_0115_0115.jpg 1 536 249 115 115
1492_0409_0143_0384_0384.jpg 1 409 143 384 384
1493_0165_0102_0403_0403.jpg 1 165 102 403 403
1494_0582_0203_0144_0144.jpg 1 582 203 144 144
1495_0526_0261_0280_0280.jpg 1 526 261 280 280
1496_0667_0197_0359_0359.jpg 1 667 197 359 359
1497_0150_0360_0236_0236.jpg 1 150 360 236 236
1498_0807_0401_0147_0147.jpg 1 807 401 147 147
1499_0740_0366_0145_0145.jpg 1 740 366 145 145
1500_0319_0046_0376_0376.jpg 1 319 46 376 376
1501_0235_0221_0070_0070.jpg 1 235 221 70 70
1502_0406_0219_0405_0405.jpg 1 406 219 405 405
1503_0711_0221_0306_0306.jpg 1 711 221 306 306
1504_0200_0094_0220_0220.jpg 1 200 94 220 220
1505_0198_0217_0403_0403.jpg 1 198 217 403 403
1506_0608_0425_0152_0152.jpg 1 608 425 152 152
1507_0319_0151_0377_0377.jpg 1 319 151 377 377
1508_0367_0167_0390_0390.jpg 1 367 167 390 390
1509_0150_0126_0112_0112.jpg 1 150 126 112 112
1510_0148_0111_0205_0205.jpg 1 148 111 205 205
1511_0124_0110_0482_0482.jpg 1 124 110 482 482
1512_0440_0040_0440_0440.jpg 1 440 40 440 440
1513_0764_0270_0124_0124.jpg 1 764 270 124 124
1514_0598_0260_0354_0354.jpg 1 598 260 354 354
1515_0241_0110_0249_0249.jpg 1 241 110 249 249
1516_0831_0113_0067_0067.jpg 1 831 113 67 67
1517_0766_0281_0236_0236.jpg 1 766 281 236 236
1518_0426_0271_0343_0343.jpg 1 426 271 343 343
1519_0705_0277_0306_0306.jpg 1 705 277 306 306
1520_0149_0252_0395_0395.jpg 1 149 252 395 395
1521_0214_0100_0217_0217.jpg 1 214 100 217 217
1522_0465_0415_0098_0098.jpg 1 465 415 98 98
1523_0343_0300_0190_0190.jpg 1 343 300 190 190
1524_0663_0375_0191_0191.jpg 1 663 375 191 191
1525_0828_0088_0164_0164.jpg 1 828 88 164 164
1526_0497_0150_0113_0113.jpg 1 497 150 113 113
1527_0163_0106_0416_0416.jpg 1 163 106 416 416
1528_0816_0386_0121_0121.jpg 1 816 386 121 121
1529_0501_0071_0427_0427.jpg 1 501 71 427 427
1530_0174_0300_0281_0281.jpg 1 174 300 281 281
1531_0832_0077_0221_0221.jpg 1 832 77 221 221
1532_0282_0099_0214_0214.jpg 1 282 99 214 214
1533_0619_0204_0215_0215.jpg 1 619 204 215 215
1534_0282_0047_0410_0410.jpg 1 282 47 410 410
1535_0241_0171_0216_0216.jpg 1 241 171 216 216
1536_0144_0093_0393_0393.jpg 1 144 93 393 393
1537_0120_0042_0382_0382.jpg 1 120 42 382 382
1538_0348_0133_0461_0461.jpg 1 348 133 461 461
1539_0402_0127_0405_0405.jpg 1 402 127 405 405
1540_0243_0116_0218_0218.jpg 1 243 116 218 218
1541_0735_0066_0215_0215.jpg 1 735 66 215 215
1542_0602_0163_0360_0360.jpg 1 602 163 360 360
1543_0591_0118_0026_0026.jpg 1 591 118 26 26
1544_0292_0228_0370_0370.jpg 1 292 228 370 370
1545_0651_0443_0073_0073.jpg 1 651 443 73 73
1546_0758_0130_0275_0275.jpg 1 758 130 275 275
1547_0336_0179_0468_0468.jpg 1 336 179 468 468
1548_0241_0078_0284_0284.jpg 1 241 78 284 284
1549_0559_0282_0324_0324.jpg 1 559 282 324 324
1550_0116_0034_0496_0496.jpg 1 116 34 496 496
1551_0281_0148_0362_0362.jpg 1 281 148 362 362
1552_0184_0293_0154_0154.jpg 1 184 293 154 154
1553_0639_0158_0462_0462.jpg 1 639 158 462 462
1554_0490_0272_0163_0163.jpg 1 490 272 163 163
1555_0690_0309_0026_0026.jpg 1 690 309 26 26
1556_0453_0050_0477_0477.jpg 1 453 50 477 477
1557_0669_0195_0336_0336.jpg 1 669 195 336 336
1558_0722_0080_0333_0333.jpg 1 722 80 333 333
1559_0486_0032_0478_0478.jpg 1 486 32 478 478
1560_0353_0191_0461_0461.jpg 1 353 191 461 461
1561_0428_0130_0432_0432.jpg 1 428 130 432 432
1562_0674_0237_0406_0406.jpg 1 674 237 406 406
1563_0643_0286_0179_0179.jpg 1 643 286 179 179
1564_0565_0136_0354_0354.jpg 1 565 136 354 354
1565_0409_0212_0353_0353.jpg 1 409 212 353 353
1566_0743_0137_0326_0326.jpg 1 743 137 326 326
1567_0374_0162_0149_0149.jpg 1 374 162 149 149
1568_0456_0374_0121_0121.jpg 1 456 374 121 121
1569_0308_0406_0203_0203.jpg 1 308 406 203 203
1570_0636_0427_0065_0065.jpg 1 636 427 65 65
1571_0241_0179_0201_0201.jpg 1 241 179 201 201
1572_0172_0070_0465_0465.jpg 1 172 70 465 465
1573_0378_0377_0099_0099.jpg 1 378 377 99 99
1574_0388_0054_0245_0245.jpg 1 388 54 245 245
1575_0403_0252_0124_0124.jpg 1 403 252 124 124
1576_0385_0187_0127_0127.jpg 1 385 187 127 127
1577_0250_0142_0437_0437.jpg 1 250 142 437 437
1578_0354_0404_0088_0088.jpg 1 354 404 88 88
1579_0138_0319_0263_0263.jpg 1 138 319 263 263
1580_0371_0193_0207_0207.jpg 1 371 193 207 207
1581_0402_0049_0433_0433.jpg 1 402 49 433 433
1582_0343_0188_0465_0465.jpg 1 343 188 465 465
1583_0128_0054_0422_0422.jpg 1 128 54 422 422
1584_0189_0384_0121_0121.jpg 1 189 384 121 121
1585_0516_0066_0378_0378.jpg 1 516 66 378 378
1586_0294_0218_0267_0267.jpg 1 294 218 267 267
1587_0689_0238_0398_0398.jpg 1 689 238 398 398
1588_0677_0055_0216_0216.jpg 1 677 55 216 216
1589_0614_0270_0245_0245.jpg 1 614 270 245 245
1590_0205_0065_0233_0233.jpg 1 205 65 233 233
1591_0313_0066_0107_0107.jpg 1 313 66 107 107
1592_0122_0169_0362_0362.jpg 1 122 169 362 362
1593_0719_0047_0290_0290.jpg 1 719 47 290 290
1594_0868_0288_0068_0068.jpg 1 868 288 68 68
1595_0734_0141_0266_0266.jpg 1 734 141 266 266
1596_0425_0165_0366_0366.jpg 1 425 165 366 366
1597_0633_0256_0286_0286.jpg 1 633 256 286 286
1598_0241_0315_0314_0314.jpg 1 241 315 314 314
1599_0221_0116_0500_0500.jpg 1 221 116 500 500
1600_0192_0184_0298_0298.jpg 1 192 184 298 298
1601_0547_0109_0103_0103.jpg 1 547 109 103 103
1602_0210_0135_0475_0475.jpg 1 210 135 475 475
1603_0595_0188_0213_0213.jpg 1 595 188 213 213
1604_0622_0057_0286_0286.jpg 1 622 57 286 286
1605_0341_0174_0501_0501.jpg 1 341 174 501 501
1606_0756_0376_0192_0192.jpg 1 756 376 192 192
1607_0185_0198_0409_0409.jpg 1 185 198 409 409
1608_0276_0121_0289_0289.jpg 1 276 121 289 289
1609_0335_0056_0304_0304.jpg 1 335 56 304 304
1610_0850_0343_0187_0187.jpg 1 850 343 187 187
1611_0123_0282_0057_0057.jpg 1 123 282 57 57
1612_0213_0309_0198_0198.jpg 1 213 309 198 198
1613_0173_0049_0438_0438.jpg 1 173 49 438 438
1614_0336_0168_0312_0312.jpg 1 336 168 312 312
1615_0162_0201_0109_0109.jpg 1 162 201 109 109
1616_0130_0107_0266_0266.jpg 1 130 107 266 266
1617_0289_0082_0316_0316.jpg 1 289 82 316 316
1618_0484_0174_0460_0460.jpg 1 484 174 460 460
1619_0462_0048_0348_0348.jpg 1 462 48 348 348
1620_0808_0150_0140_0140.jpg 1 808 150 140 140
1621_0918_0445_0060_0060.jpg 1 918 445 60 60
1622_0487_0144_0090_0090.jpg 1 487 144 90 90
1623_0327_0068_0338_0338.jpg 1 327 68 338 338
1624_0883_0081_0152_0152.jpg 1 883 81 152 152
1625_0444_0184_0428_0428.jpg 1 444 184 428 428
1626_0290_0171_0055_0055.jpg 1 290 171 55 55
1627_0528_0469_0031_0031.jpg 1 528 469 31 31
1628_0515_0174_0079_0079.jpg 1 515 174 79 79
1629_0462_0078_0212_0212.jpg 1 462 78 212 212
1630_0602_0097_0069_0069.jpg 1 602 97 69 69
1631_0476_0097_0229_0229.jpg 1 476 97 229 229
1632_0537_0209_0115_0115.jpg 1 537 209 115 115
1633_0608_0257_0115_0115.jpg 1 608 257 115 115
1634_0117_0177_0314_0314.jpg 1 117 177 314 314
1635_0611_0103_0376_0376.jpg 1 611 103 376 376
1636_0201_0368_0230_0230.jpg 1 201 368 230 230
1637_0553_0192_0325_0325.jpg 1 553 192 325 325
1638_0721_0455_0046_0046.jpg 1 721 455 46 46
1639_0166_0387_0235_0235.jpg 1 166 387 235 235
1640_0406_0322_0305_0305.jpg 1 406 322 305 305
1641_0513_0095_0402_0402.jpg 1 513 95 402 402
1642_0144_0287_0316_0316.jpg 1 144 287 316 316
1643_0508_0270_0269_0269.jpg 1 508 270 269 269
1644_0692_0202_0269_0269.jpg 1 692 202 269 269
1645_0146_0387_0125_0125.jpg 1 146 387 125 125
1646_0184_0114_0120_0120.jpg 1 184 114 120 120
1647_0195_0368_0084_0084.jpg 1 195 368 84 84
1648_0512_0248_0389_0389.jpg 1 512 248 389 389
1649_0546_0097_0213_0213.jpg 1 546 97 213 213
1650_0659_0230_0200_0200.jpg 1 659 230 200 200
1651_0595_0066_0457_0457.jpg 1 595 66 457 457
1652_0722_0072_0222_0222.jpg 1 722 72 222 222
1653_0106_0226_0338_0338.jpg 1 106 226 338 338
1654_0178_0128_0313_0313.jpg 1 178 128 313 313
1655_0817_0246_0112_0112.jpg 1 817 246 112 112
1656_0494_0055_0325_0325.jpg 1 494 55 325 325
1657_0670_0192_0384_0384.jpg 1 670 192 384 384
1658_0362_0298_0245_0245.jpg 1 362 298 245 245
1659_0400_0098_0364_0364.jpg 1 400 98 364 364
1660_0341_0161_0417_0417.jpg 1 341 161 417 417
1661_0834_0493_0035_0035.jpg 1 834 493 35 35
1662_0890_0324_0104_0104.jpg 1 890 324 104 104
1663_0714_0176_0035_0035.jpg 1 714 176 35 35
1664_0559_0352_0234_0234.jpg 1 559 352 234 234
1665_0316_0172_0312_0312.jpg 1 316 172 312 312
1666_0222_0311_0282_0282.jpg 1 222 311 282 282
1667_0567_0246_0353_0353.jpg 1 567 246 353 353
1668_0599_0490_0060_0060.jpg 1 599 490 60 60
1669_0150_0111_0175_0175.jpg 1 150 111 175 175
1670_0324_0105_0242_0242.jpg 1 324 105 242 242
1671_0371_0114_0262_0262.jpg 1 371 114 262 262
1672_0404_0154_0290_0290.jpg 1 404 154 290 290
1673_0505_0070_0099_0099.jpg 1 505 70 99 99
1674_0141_0062_0167_0167.jpg 1 141 62 167 167
1675_0666_0365_0083_0083.jpg 1 666 365 83 83
1676_0500_0263_0200_0200.jpg 1 500 263 200 200
1677_0299_0272_0189_0189.jpg 1 299 272 189 189
1678_0454_0149_0138_0138.jpg 1 454 149 138 138
1679_0347_0084_0322_0322.jpg 1 347 84 322 322
1680_0355_0201_0272_0272.jpg 1 355 201 272 272
1681_0588_0145_0368_0368.jpg 1 588 145 368 368
1682_0523_0100_0425_0425.jpg 1 523 100 425 425
1683_0350_0257_0395_0395.jpg 1 350 257 395 395
1684_0622_0220_0421_0421.jpg 1 622 220 421 421
1685_0769_0163_0082_0082.jpg 1 769 163 82 82
1686_0847_0202_0102_0102.jpg 1 847 202 102 102
1687_0233_0329_0200_0200.jpg 1 233 329 200 200
1688_0145_0186_0306_0306.jpg 1 145 186 306 306
1689_0498_0062_0363_0363.jpg 1 498 62 363 363
1690_0421_0130_0221_0221.jpg 1 421 130 221 221
1691_0172_0151_0405_0405.jpg 1 172 151 405 405
1692_0443_0220_0032_0032.jpg 1 443 220 32 32
1693_0627_0237_0195_0195.jpg 1 627 237 195 195
1694_0171_0089_0204_0204.jpg 1 171 89 204 204
1695_0635_0271_0282_0282.jpg 1 635 271 282 282
1696_0753_0221_0320_0320.jpg 1 753 221 320 320
1697_0472_0038_0389_0389.jpg 1 472 38 389 389
1698_0355_0189_0304_0304.jpg 1 355 189 304 304
1699_0248_0484_0089_0089.jpg 1 248 484 89 89
1700_0633_0325_0202_0202.jpg 1 633 325 202 202
1701_0301_0341_0293_0293.jpg 1 301 341 293 293
1702_0876_0181_0130_0130.jpg 1 876 181 130 130
1703_0835_0165_0220_0220.jpg 1 835 165 220 220
1704_0732_0226_0363_0363.jpg 1 732 226 363 363
1705_0130_0235_0232_0232.jpg 1 130 235 232 232
1706_0598_0111_0475_0475.jpg 1 598 111 475 475
1707_0687_0235_0381_0381.jpg 1 687 235 381 381
1708_0528_0052_0339_0339.jpg 1 528 52 339 339
1709_0498_0128_0497_0497.jpg 1 498 128 497 497
1710_0252_0054_0499_0499.jpg 1 252 54 499 499
1711_0613_0118_0376_0376.jpg 1 613 118 376 376
1712_0687_0132_0181_0181.jpg 1 687 132 181 181
1713_0542_0144_0420_0420.jpg 1 542 144 420 420
1714_0445_0073_0368_0368.jpg 1 445 73 368 368
1715_0594_0063_0178_0178.jpg 1 594 63 178 178
1716_0199_0164_0465_0465.jpg 1 199 164 465 465
1717_0443_0274_0236_0236.jpg 1 443 274 236 236
1718_0143_0215_0413_0413.jpg 1 143 215 413 413
1719_0450_0135_0474_0474.jpg 1 450 135 474 474
1720_0223_0227_0431_0431.jpg 1 223 227 431 431
1721_0393_0096_0354_0354.jpg 1 393 96 354 354
1722_0369_0162_0499_0499.jpg 1 369 162 499 499
1723_0498_0056_0223_0223.jpg 1 498 56 223 223
1724_0566_0138_0499_0499.jpg 1 566 138 499 499
1725_0334_0371_0232_0232.jpg 1 334 371 232 232
1726_0908_0484_0033_0033.jpg 1 908 484 33 33
1727_0501_0044_0474_0474.jpg 1 501 44 474 474
1728_0607_0368_0169_0169.jpg 1 607 368 169 169
1729_0833_0403_0211_0211.jpg 1 833 403 211 211
1730_0607_0104_0256_0256.jpg 1 607 104 256 256
1731_0851_0247_0029_0029.jpg 1 851 247 29 29
1732_0216_0066_0443_0443.jpg 1 216 66 443 443
1733_0195_0342_0125_0125.jpg 1 195 342 125 125
1734_0573_0258_0263_0263.jpg 1 573 258 263 263
1735_0097_0086_0494_0494.jpg 1 97 86 494 494
1736_0477_0305_0225_0225.jpg 1 477 305 225 225
1737_0517_0074_0430_0430.jpg 1 517 74 430 430
1738_0451_0208_0445_0445.jpg 1 451 208 445 445
1739_0522_0161_0248_0248.jpg 1 522 161 248 248
1740_0566_0379_0074_0074.jpg 1 566 379 74 74
1741_0605_0278_0167_0167.jpg 1 605 278 167 167
1742_0710_0183_0259_0259.jpg 1 710 183 259 259
1743_0526_0340_0049_0049.jpg 1 526 340 49 49
1744_0522_0144_0378_0378.jpg 1 522 144 378 378
1745_0275_0179_0106_0106.jpg 1 275 179 106 106
1746_0229_0120_0084_0084.jpg 1 229 120 84 84
1747_0661_0258_0250_0250.jpg 1 661 258 250 250
1748_0646_0351_0242_0242.jpg 1 646 351 242 242
1749_0520_0290_0153_0153.jpg 1 520 290 153 153
1750_0159_0158_0165_0165.jpg 1 159 158 165 165
1751_0530_0370_0075_0075.jpg 1 530 370 75 75
1752_0590_0195_0465_0465.jpg 1 590 195 465 465
1753_0099_0121_0478_0478.jpg 1 99 121 478 478
1754_0465_0126_0302_0302.jpg 1 465 126 302 302
1755_0119_0078_0370_0370.jpg 1 119 78 370 370
1756_0496_0140_0207_0207.jpg 1 496 140 207 207
1757_0802_0216_0212_0212.jpg 1 802 216 212 212
1758_0512_0135_0388_0388.jpg 1 512 135 388 388
1759_0918_0357_0091_0091.jpg 1 918 357 91 91
1760_0635_0326_0048_0048.jpg 1 635 326 48 48
1761_0450_0105_0256_0256.jpg 1 450 105 256 256
1762_0394_0140_0469_0469.jpg 1 394 140 469 469
1763_0295_0441_0088_0088.jpg 1 295 441 88 88
1764_0344_0247_0178_0178.jpg 1 344 247 178 178
1765_0661_0485_0073_0073.jpg 1 661 485 73 73
1766_0582_0119_0356_0356.jpg 1 582 119 356 356
1767_0676_0294_0243_0243.jpg 1 676 294 243 243
1768_0384_0145_0250_0250.jpg 1 384 145 250 250
1769_0526_0233_0359_0359.jpg 1 526 233 359 359
1770_0118_0042_0432_0432.jpg 1 118 42 432 432
1771_0535_0123_0428_0428.jpg 1 535 123 428 428
1772_0486_0085_0383_0383.jpg 1 486 85 383 383
1773_0421_0061_0420_0420.jpg 1 421 61 420 420
1774_0134_0072_0392_0392.jpg 1 134 72 392 392
1775_0137_0366_0125_0125.jpg 1 137 366 125 125
1776_0163_0223_0434_0434.jpg 1 163 223 434 434
1777_0834_0244_0025_0025.jpg 1 834 244 25 25
1778_0408_0081_0240_0240.jpg 1 408 81 240 240
1779_0142_0356_0267_0267.jpg 1 142 356 267 267
1780_0287_0266_0057_0057.jpg 1 287 266 57 57
1781_0286_0319_0104_0104.jpg 1 286 319 104 104
1782_0715_0048_0306_0306.jpg 1 715 48 306 306
1783_0236_0385_0119_0119.jpg 1 236 385 119 119
1784_0949_0438_0081_0081.jpg 1 949 438 81 81
1785_0525_0105_0469_0469.jpg 1 525 105 469 469
1786_0515_0282_0192_0192.jpg 1 515 282 192 192
1787_0493_0175_0426_0426.jpg 1 493 175 426 426
1788_0179_0067_0189_0189.jpg 1 179 67 189 189
1789_0487_0200_0432_0432.jpg 1 487 200 432 432
1790_0138_0136_0413_0413.jpg 1 138 136 413 413
1791_0288_0059_0390_0390.jpg 1 288 59 390 390
1792_0647_0041_0462_0462.jpg 1 647 41 462 462
1793_0287_0048_0411_0411.jpg 1 287 48 411 411
1794_0128_0191_0312_0312.jpg 1 128 191 312 312
1795_0735_0156_0321_0321.jpg 1 735 156 321 321
1796_0601_0078_0379_0379.jpg 1 601 78 379 379
1797_0213_0251_0251_0251.jpg 1 213 251 251 251
1798_0240_0125_0162_0162.jpg 1 240 125 162 162
1799_0357_0155_0467_0467.jpg 1 357 155 467 467
1800_0612_0179_0053_0053.jpg 1 612 179 53 53
1801_0195_0415_0150_0150.jpg 1 195 415 150 150
1802_0900_0133_0064_0064.jpg 1 900 133 64 64
1803_0684_0189_0336_0336.jpg 1 684 189 336 336
1804_0684_0205_0282_0282.jpg 1 684 205 282 282
1805_0794_0305_0153_0153.jpg 1 794 305 153 153
1806_0271_0268_0160_0160.jpg 1 271 268 160 160
1807_0768_0231_0033_0033.jpg 1 768 231 33 33
1808_0100_0085_0483_0483.jpg 1 100 85 483 483
1809_0340_0370_0076_0076.jpg 1 340 370 76 76
1810_0260_0176_0478_0478.jpg 1 260 176 478 478
1811_0105_0122_0258_0258.jpg 1 105 122 258 258
1812_0602_0070_0275_0275.jpg 1 602 70 275 275
1813_0374_0088_0367_0367.jpg 1 374 88 367 367
1814_0503_0086_0376_0376.jpg 1 503 86 376 376
1815_0157_0257_0169_0169.jpg 1 157 257 169 169
1816_0341_0055_0225_0225.jpg 1 341 55 225 225
1817_0710_0066_0389_0389.jpg 1 710 66 389 389
1818_0250_0150_0273_0273.jpg 1 250 150 273 273
1819_0816_0228_0080_0080.jpg 1 816 228 80 80
1820_0138_0234_0168_0168.jpg 1 138 234 168 168
1821_0443_0338_0076_0076.jpg 1 443 338 76 76
1822_0296_0249_0340_0340.jpg 1 296 249 340 340
1823_0208_0031_0433_0433.jpg 1 208 31 433 433
1824_0281_0286_0302_0302.jpg 1 281 286 302 302
1825_0225_0088_0270_0270.jpg 1 225 88 270 270
1826_0820_0172_0104_0104.jpg 1 820 172 104 104
1827_0672_0057_0411_0411.jpg 1 672 57 411 411
1828_0563_0300_0073_0073.jpg 1 563 300 73 73
1829_0126_0207_0374_0374.jpg 1 126 207 374 374
1830_0783_0357_0162_0162.jpg 1 783 357 162 162
1831_0205_0214_0272_0272.jpg 1 205 214 272 272
1832_0535_0245_0387_0387.jpg 1 535 245 387 387
1833_0141_0174_0467_0467.jpg 1 141 174 467 467
1834_0707_0133_0194_0194.jpg 1 707 133 194 194
1835_0739_0140_0286_0286.jpg 1 739 140 286 286
1836_0382_0371_0088_0088.jpg 1 382 371 88 88
1837_0537_0086_0491_0491.jpg 1 537 86 491 491
1838_0135_0308_0290_0290.jpg 1 135 308 290 290
1839_0153_0096_0360_0360.jpg 1 153 96 360 360
1840_0911_0409_0029_0029.jpg 1 911 409 29 29
1841_0507_0171_0413_0413.jpg 1 507 171 413 413
1842_0553_0092_0371_0371.jpg 1 553 92 371 371
1843_0234_0189_0106_0106.jpg 1 234 189 106 106
1844_0509_0091_0317_0317.jpg 1 509 91 317 317
1845_0595_0061_0449_0449.jpg 1 595 61 449 449
1846_0193_0279_0231_0231.jpg 1 193 279 231 231
1847_0724_0057_0183_0183.jpg 1 724 57 183 183
1848_0970_0087_0026_0026.jpg 1 970 87 26 26
1849_0209_0261_0386_0386.jpg 1 209 261 386 386
1850_0807_0163_0230_0230.jpg 1 807 163 230 230
1851_0146_0141_0381_0381.jpg 1 146 141 381 381
1852_0478_0053_0401_0401.jpg 1 478 53 401 401
1853_0170_0177_0462_0462.jpg 1 170 177 462 462
1854_0436_0237_0045_0045.jpg 1 436 237 45 45
1855_0503_0065_0437_0437.jpg 1 503 65 437 437
1856_0590_0220_0265_0265.jpg 1 590 220 265 265
1857_0378_0217_0087_0087.jpg 1 378 217 87 87
1858_0198_0160_0483_0483.jpg 1 198 160 483 483
1859_0512_0074_0402_0402.jpg 1 512 74 402 402
1860_0664_0036_0439_0439.jpg 1 664 36 439 439
1861_0735_0194_0295_0295.jpg 1 735 194 295 295
1862_0144_0168_0400_0400.jpg 1 144 168 400 400
1863_0391_0329_0045_0045.jpg 1 391 329 45 45
1864_0696_0248_0196_0196.jpg 1 696 248 196 196
1865_0406_0177_0059_0059.jpg 1 406 177 59 59
1866_0305_0054_0356_0356.jpg 1 305 54 356 356
1867_0564_0034_0425_0425.jpg 1 564 34 425 425
1868_0551_0292_0289_0289.jpg 1 551 292 289 289
1869_0819_0395_0049_0049.jpg 1 819 395 49 49
1870_0436_0260_0260_0260.jpg 1 436 260 260 260
1871_0412_0117_0461_0461.jpg 1 412 117 461 461
1872_0688_0141_0142_0142.jpg 1 688 141 142 142
1873_0849_0243_0055_0055.jpg 1 849 243 55 55
1874_0777_0152_0205_0205.jpg 1 777 152 205 205
1875_0602_0276_0182_0182.jpg 1 602 276 182 182
1876_0200_0437_0115_0115.jpg 1 200 437 115 115
1877_0507_0140_0435_0435.jpg 1 507 140 435 435
1878_0117_0059_0500_0500.jpg 1 117 59 500 500
1879_0877_0426_0155_0155.jpg 1 877 426 155 155
1880_0592_0113_0415_0415.jpg 1 592 113 415 415
1881_0882_0447_0129_0129.jpg 1 882 447 129 129
1882_0324_0066_0238_0238.jpg 1 324 66 238 238
1883_0385_0227_0234_0234.jpg 1 385 227 234 234
1884_0364_0164_0073_0073.jpg 1 364 164 73 73
1885_0314_0193_0364_0364.jpg 1 314 193 364 364
1886_0891_0223_0126_0126.jpg 1 891 223 126 126
1887_0794_0297_0254_0254.jpg 1 794 297 254 254
1888_0200_0082_0111_0111.jpg 1 200 82 111 111
1889_0339_0107_0489_0489.jpg 1 339 107 489 489
1890_0127_0107_0223_0223.jpg 1 127 107 223 223
1891_0557_0193_0270_0270.jpg 1 557 193 270 270
1892_0265_0156_0482_0482.jpg 1 265 156 482 482
1893_0496_0096_0265_0265.jpg 1 496 96 265 265
1894_0432_0229_0400_0400.jpg 1 432 229 400 400
1895_0553_0110_0158_0158.jpg 1 553 110 158 158
1896_0383_0508_0044_0044.jpg 1 383 508 44 44
1897_0217_0364_0238_0238.jpg 1 217 364 238 238
1898_0411_0371_0125_0125.jpg 1 411 371 125 125
1899_0783_0078_0156_0156.jpg 1 783 78 156 156
1900_0677_0212_0341_0341.jpg 1 677 212 341 341
1901_0144_0441_0050_0050.jpg 1 144 441 50 50
1902_0432_0376_0214_0214.jpg 1 432 376 214 214
1903_0276_0509_0076_0076.jpg 1 276 509 76 76
1904_0729_0064_0136_0136.jpg 1 729 64 136 136
1905_0907_0425_0038_0038.jpg 1 907 425 38 38
1906_0182_0094_0447_0447.jpg 1 182 94 447 447
1907_0597_0060_0245_0245.jpg 1 597 60 245 245
1908_0142_0324_0097_0097.jpg 1 142 324 97 97
1909_0532_0122_0309_0309.jpg 1 532 122 309 309
1910_0153_0168_0470_0470.jpg 1 153 168 470 470
1911_0250_0196_0217_0217.jpg 1 250 196 217 217
1912_0442_0165_0058_0058.jpg 1 442 165 58 58
1913_0421_0244_0232_0232.jpg 1 421 244 232 232
1914_0345_0177_0252_0252.jpg 1 345 177 252 252
1915_0200_0357_0221_0221.jpg 1 200 357 221 221
1916_0133_0171_0405_0405.jpg 1 133 171 405 405
1917_0090_0034_0451_0451.jpg 1 90 34 451 451
1918_0205_0263_0370_0370.jpg 1 205 263 370 370
1919_0472_0500_0080_0080.jpg 1 472 500 80 80
1920_0380_0216_0086_0086.jpg 1 380 216 86 86
1921_0640_0157_0393_0393.jpg 1 640 157 393 393
1922_0855_0189_0163_0163.jpg 1 855 189 163 163
1923_0206_0125_0449_0449.jpg 1 206 125 449 449
1924_0636_0164_0438_0438.jpg 1 636 164 438 438
1925_0286_0074_0470_0470.jpg 1 286 74 470 470
1926_0181_0098_0246_0246.jpg 1 181 98 246 246
1927_0273_0120_0476_0476.jpg 1 273 120 476 476
1928_0138_0263_0287_0287.jpg 1 138 263 287 287
1929_0565_0158_0454_0454.jpg 1 565 158 454 454
1930_0529_0147_0472_0472.jpg 1 529 147 472 472
1931_0559_0323_0032_0032.jpg 1 559 323 32 32
1932_0799_0197_0099_0099.jpg 1 799 197 99 99
1933_0429_0227_0122_0122.jpg 1 429 227 122 122
1934_0532_0215_0416_0416.jpg 1 532 215 416 416
1935_0909_0116_0092_0092.jpg 1 909 116 92 92
1936_0825_0129_0158_0158.jpg 1 825 129 158 158
1937_0680_0071_0371_0371.jpg 1 680 71 371 371
1938_0154_0098_0413_0413.jpg 1 154 98 413 413
1939_0737_0211_0318_0318.jpg 1 737 211 318 318
1940_0597_0140_0332_0332.jpg 1 597 140 332 332
1941_0662_0353_0182_0182.jpg 1 662 353 182 182
1942_0483_0099_0291_0291.jpg 1 483 99 291 291
1943_0314_0235_0321_0321.jpg 1 314 235 321 321
1944_0544_0200_0163_0163.jpg 1 544 200 163 163
1945_0285_0046_0363_0363.jpg 1 285 46 363 363
1946_0719_0055_0378_0378.jpg 1 719 55 378 378
1947_0239_0055_0258_0258.jpg 1 239 55 258 258
1948_0215_0099_0409_0409.jpg 1 215 99 409 409
1949_0355_0162_0025_0025.jpg 1 355 162 25 25
1950_0587_0155_0345_0345.jpg 1 587 155 345 345
1951_0503_0146_0364_0364.jpg 1 503 146 364 364
1952_0101_0299_0318_0318.jpg 1 101 299 318 318
1953_0207_0125_0367_0367.jpg 1 207 125 367 367
1954_0457_0247_0379_0379.jpg 1 457 247 379 379
1955_0410_0056_0238_0238.jpg 1 410 56 238 238
1956_0828_0055_0174_0174.jpg 1 828 55 174 174
1957_0549_0216_0329_0329.jpg 1 549 216 329 329
1958_0151_0323_0266_0266.jpg 1 151 323 266 266
1959_0301_0128_0485_0485.jpg 1 301 128 485 485
1960_0334_0191_0078_0078.jpg 1 334 191 78 78
1961_0263_0076_0400_0400.jpg 1 263 76 400 400
1962_0256_0117_0452_0452.jpg 1 256 117 452 452
1963_0152_0170_0267_0267.jpg 1 152 170 267 267
1964_0648_0348_0205_0205.jpg 1 648 348 205 205
1965_0191_0045_0488_0488.jpg 1 191 45 488 488
1966_0392_0086_0498_0498.jpg 1 392 86 498 498
1967_0530_0256_0263_0263.jpg 1 530 256 263 263
1968_0340_0230_0309_0309.jpg 1 340 230 309 309
1969_0388_0103_0446_0446.jpg 1 388 103 446 446
1970_0584_0194_0101_0101.jpg 1 584 194 101 101
1971_0475_0106_0099_0099.jpg 1 475 106 99 99
1972_0232_0151_0100_0100.jpg 1 232 151 100 100
1973_0317_0343_0180_0180.jpg 1 317 343 180 180
1974_0392_0247_0359_0359.jpg 1 392 247 359 359
1975_0732_0089_0308_0308.jpg 1 732 89 308 308
1976_0150_0044_0335_0335.jpg 1 150 44 335 335
1977_0273_0177_0311_0311.jpg 1 273 177 311 311
1978_0518_0199_0109_0109.jpg 1 518 199 109 109
1979_0564_0136_0113_0113.jpg 1 564 136 113 113
1980_0480_0072_0101_0101.jpg 1 480 72 101 101
1981_0329_0103_0396_0396.jpg 1 329 103 396 396
1982_0171_0082_0194_0194.jpg 1 171 82 194 194
1983_0838_0106_0173_0173.jpg 1 838 106 173 173
1984_0915_0484_0050_0050.jpg 1 915 484 50 50
1985_0458_0181_0406_0406.jpg 1 458 181 406 406
1986_0331_0306_0316_0316.jpg 1 331 306 316 316
1987_0215_0055_0392_0392.jpg 1 215 55 392 392
1988_0480_0034_0485_0485.jpg 1 480 34 485 485
1989_0421_0233_0342_0342.jpg 1 421 233 342 342
1990_0441_0032_0484_0484.jpg 1 441 32 484 484
1991_0926_0146_0090_0090.jpg 1 926 146 90 90
1992_0674_0127_0368_0368.jpg 1 674 127 368 368
1993_0591_0087_0264_0264.jpg 1 591 87 264 264
1994_0450_0120_0359_0359.jpg 1 450 120 359 359
1995_0631_0108_0258_0258.jpg 1 631 108 258 258
1996_0557_0318_0311_0311.jpg 1 557 318 311 311
1997_0439_0220_0095_0095.jpg 1 439 220 95 95
1998_0815_0325_0141_0141.jpg 1 815 325 141 141
1999_0564_0170_0278_0278.jpg 1 564 170 278 278
2000_0664_0153_0240_0240.jpg 1 664 153 240 240
